[5ebc20d8-8907-4f02-8396-e310b26091b4] PACKER 2026/02/09 19:53:05 [INFO] Packer version: 1.14.3 [go1.24.0 linux amd64]
[5ebc20d8-8907-4f02-8396-e310b26091b4] PACKER 2026/02/09 19:53:05 [INFO] PACKER_CONFIG env var not set; checking the default config file path
[5ebc20d8-8907-4f02-8396-e310b26091b4] PACKER 2026/02/09 19:53:05 [INFO] PACKER_CONFIG env var set; attempting to open config file: /root/.packerconfig
[5ebc20d8-8907-4f02-8396-e310b26091b4] PACKER 2026/02/09 19:53:05 [WARN] Config file doesn't exist: /root/.packerconfig
[5ebc20d8-8907-4f02-8396-e310b26091b4] PACKER 2026/02/09 19:53:05 [INFO] Setting cache directory: /root/.cache/packer
[5ebc20d8-8907-4f02-8396-e310b26091b4] PACKER e: Running in background, not using a TTY
[5ebc20d8-8907-4f02-8396-e310b26091b4] PACKER 2026/02/09 19:53:05 [TRACE] listing potential installations for <nil> that match "". plugingetter.ListInstallationsOptions{PluginDirectory:"/root/.config/packer/plugins", BinaryInstallationOptions:plugingetter.BinaryInstallationOptions{APIVersionMajor:"5", APIVersionMinor:"0", OS:"linux", ARCH:"amd64", Ext:"", Checksummers:[]plugingetter.Checksummer{plugingetter.Checksummer{Type:"sha256", Hash:(*sha256.Digest)(0xc00077e000)}}, ReleasesOnly:false}}
[5ebc20d8-8907-4f02-8396-e310b26091b4] PACKER 2026/02/09 19:53:05 [INFO] found external [arm chroot dtl] builders from azure plugin
[5ebc20d8-8907-4f02-8396-e310b26091b4] PACKER 2026/02/09 19:53:05 found external [dtlartifact] provisioner from azure plugin
[5ebc20d8-8907-4f02-8396-e310b26091b4] PACKER 2026/02/09 19:53:05 found external [keyvaultsecret] datasource from azure plugin
[5ebc20d8-8907-4f02-8396-e310b26091b4] PACKER 2026/02/09 19:53:05 found external [-packer-default-plugin-name-] provisioner from windows-update plugin
[5ebc20d8-8907-4f02-8396-e310b26091b4] PACKER 2026/02/09 19:53:05 [TRACE] Using protobuf for communication with plugins
[5ebc20d8-8907-4f02-8396-e310b26091b4] PACKER 2026/02/09 19:53:05 [INFO] Starting external plugin /root/.config/packer/plugins/github.com/hashicorp/azure/packer-plugin-azure_v2.5.1_x5.0_linux_amd64 start builder --protobuf arm
[5ebc20d8-8907-4f02-8396-e310b26091b4] PACKER 2026/02/09 19:53:05 Starting plugin: /root/.config/packer/plugins/github.com/hashicorp/azure/packer-plugin-azure_v2.5.1_x5.0_linux_amd64 []string{"/root/.config/packer/plugins/github.com/hashicorp/azure/packer-plugin-azure_v2.5.1_x5.0_linux_amd64", "start", "builder", "--protobuf", "arm"}
[5ebc20d8-8907-4f02-8396-e310b26091b4] PACKER 2026/02/09 19:53:05 Waiting for RPC address for: /root/.config/packer/plugins/github.com/hashicorp/azure/packer-plugin-azure_v2.5.1_x5.0_linux_amd64
[5ebc20d8-8907-4f02-8396-e310b26091b4] PACKER 2026/02/09 19:53:05 packer-plugin-azure_v2.5.1_x5.0_linux_amd64 plugin: 2026/02/09 19:53:05 Plugin address: unix /tmp/packer-plugin3377878834
[5ebc20d8-8907-4f02-8396-e310b26091b4] PACKER 2026/02/09 19:53:05 packer-plugin-azure_v2.5.1_x5.0_linux_amd64 plugin: 2026/02/09 19:53:05 Waiting for connection...
[5ebc20d8-8907-4f02-8396-e310b26091b4] PACKER 2026/02/09 19:53:05 Received unix RPC address for /root/.config/packer/plugins/github.com/hashicorp/azure/packer-plugin-azure_v2.5.1_x5.0_linux_amd64: addr is /tmp/packer-plugin3377878834
[5ebc20d8-8907-4f02-8396-e310b26091b4] PACKER 2026/02/09 19:53:05 packer-plugin-azure_v2.5.1_x5.0_linux_amd64 plugin: 2026/02/09 19:53:05 Serving a plugin connection...
[5ebc20d8-8907-4f02-8396-e310b26091b4] PACKER 2026/02/09 19:53:05 packer-plugin-azure_v2.5.1_x5.0_linux_amd64 plugin: 2026/02/09 19:53:05 [TRACE] starting builder arm
[5ebc20d8-8907-4f02-8396-e310b26091b4] PACKER 2026/02/09 19:53:05 [INFO] Starting external plugin /aib/packerInput/packer execute --protobuf packer-provisioner-file
[5ebc20d8-8907-4f02-8396-e310b26091b4] PACKER 2026/02/09 19:53:05 Starting plugin: /aib/packerInput/packer []string{"/aib/packerInput/packer", "execute", "--protobuf", "packer-provisioner-file"}
[5ebc20d8-8907-4f02-8396-e310b26091b4] PACKER 2026/02/09 19:53:05 Waiting for RPC address for: /aib/packerInput/packer
[5ebc20d8-8907-4f02-8396-e310b26091b4] PACKER 2026/02/09 19:53:05 packer-provisioner-file plugin: [INFO] Packer version: 1.14.3 [go1.24.0 linux amd64]
[5ebc20d8-8907-4f02-8396-e310b26091b4] PACKER 2026/02/09 19:53:05 packer-provisioner-file plugin: [INFO] PACKER_CONFIG env var not set; checking the default config file path
[5ebc20d8-8907-4f02-8396-e310b26091b4] PACKER 2026/02/09 19:53:05 packer-provisioner-file plugin: [INFO] PACKER_CONFIG env var set; attempting to open config file: /root/.packerconfig
[5ebc20d8-8907-4f02-8396-e310b26091b4] PACKER 2026/02/09 19:53:05 packer-provisioner-file plugin: [WARN] Config file doesn't exist: /root/.packerconfig
[5ebc20d8-8907-4f02-8396-e310b26091b4] PACKER 2026/02/09 19:53:05 packer-provisioner-file plugin: [INFO] Setting cache directory: /root/.cache/packer
[5ebc20d8-8907-4f02-8396-e310b26091b4] PACKER 2026/02/09 19:53:05 packer-provisioner-file plugin: Plugin address: unix /tmp/packer-plugin3460719761
[5ebc20d8-8907-4f02-8396-e310b26091b4] PACKER 2026/02/09 19:53:05 packer-provisioner-file plugin: Waiting for connection...
[5ebc20d8-8907-4f02-8396-e310b26091b4] PACKER 2026/02/09 19:53:05 Received unix RPC address for /aib/packerInput/packer: addr is /tmp/packer-plugin3460719761
[5ebc20d8-8907-4f02-8396-e310b26091b4] PACKER 2026/02/09 19:53:05 packer-provisioner-file plugin: Serving a plugin connection...
[5ebc20d8-8907-4f02-8396-e310b26091b4] PACKER 2026/02/09 19:53:05 [INFO] Starting external plugin /aib/packerInput/packer execute --protobuf packer-provisioner-powershell
[5ebc20d8-8907-4f02-8396-e310b26091b4] PACKER 2026/02/09 19:53:05 Starting plugin: /aib/packerInput/packer []string{"/aib/packerInput/packer", "execute", "--protobuf", "packer-provisioner-powershell"}
[5ebc20d8-8907-4f02-8396-e310b26091b4] PACKER 2026/02/09 19:53:05 Waiting for RPC address for: /aib/packerInput/packer
[5ebc20d8-8907-4f02-8396-e310b26091b4] PACKER 2026/02/09 19:53:05 packer-provisioner-powershell plugin: [INFO] Packer version: 1.14.3 [go1.24.0 linux amd64]
[5ebc20d8-8907-4f02-8396-e310b26091b4] PACKER 2026/02/09 19:53:05 packer-provisioner-powershell plugin: [INFO] PACKER_CONFIG env var not set; checking the default config file path
[5ebc20d8-8907-4f02-8396-e310b26091b4] PACKER 2026/02/09 19:53:05 packer-provisioner-powershell plugin: [INFO] PACKER_CONFIG env var set; attempting to open config file: /root/.packerconfig
[5ebc20d8-8907-4f02-8396-e310b26091b4] PACKER 2026/02/09 19:53:05 packer-provisioner-powershell plugin: [WARN] Config file doesn't exist: /root/.packerconfig
[5ebc20d8-8907-4f02-8396-e310b26091b4] PACKER 2026/02/09 19:53:05 packer-provisioner-powershell plugin: [INFO] Setting cache directory: /root/.cache/packer
[5ebc20d8-8907-4f02-8396-e310b26091b4] PACKER 2026/02/09 19:53:05 Received unix RPC address for /aib/packerInput/packer: addr is /tmp/packer-plugin282368266
[5ebc20d8-8907-4f02-8396-e310b26091b4] PACKER 2026/02/09 19:53:05 packer-provisioner-powershell plugin: Plugin address: unix /tmp/packer-plugin282368266
[5ebc20d8-8907-4f02-8396-e310b26091b4] PACKER 2026/02/09 19:53:05 packer-provisioner-powershell plugin: Waiting for connection...
[5ebc20d8-8907-4f02-8396-e310b26091b4] PACKER 2026/02/09 19:53:05 packer-provisioner-powershell plugin: Serving a plugin connection...
[5ebc20d8-8907-4f02-8396-e310b26091b4] PACKER 2026/02/09 19:53:05 [INFO] Starting external plugin /aib/packerInput/packer execute --protobuf packer-provisioner-file
[5ebc20d8-8907-4f02-8396-e310b26091b4] PACKER 2026/02/09 19:53:05 Starting plugin: /aib/packerInput/packer []string{"/aib/packerInput/packer", "execute", "--protobuf", "packer-provisioner-file"}
[5ebc20d8-8907-4f02-8396-e310b26091b4] PACKER 2026/02/09 19:53:05 Waiting for RPC address for: /aib/packerInput/packer
[5ebc20d8-8907-4f02-8396-e310b26091b4] PACKER 2026/02/09 19:53:05 packer-provisioner-file plugin: [INFO] Packer version: 1.14.3 [go1.24.0 linux amd64]
[5ebc20d8-8907-4f02-8396-e310b26091b4] PACKER 2026/02/09 19:53:05 packer-provisioner-file plugin: [INFO] PACKER_CONFIG env var not set; checking the default config file path
[5ebc20d8-8907-4f02-8396-e310b26091b4] PACKER 2026/02/09 19:53:05 packer-provisioner-file plugin: [INFO] PACKER_CONFIG env var set; attempting to open config file: /root/.packerconfig
[5ebc20d8-8907-4f02-8396-e310b26091b4] PACKER 2026/02/09 19:53:05 packer-provisioner-file plugin: [WARN] Config file doesn't exist: /root/.packerconfig
[5ebc20d8-8907-4f02-8396-e310b26091b4] PACKER 2026/02/09 19:53:05 packer-provisioner-file plugin: [INFO] Setting cache directory: /root/.cache/packer
[5ebc20d8-8907-4f02-8396-e310b26091b4] PACKER 2026/02/09 19:53:05 Received unix RPC address for /aib/packerInput/packer: addr is /tmp/packer-plugin1851617692
[5ebc20d8-8907-4f02-8396-e310b26091b4] PACKER 2026/02/09 19:53:05 packer-provisioner-file plugin: Plugin address: unix /tmp/packer-plugin1851617692
[5ebc20d8-8907-4f02-8396-e310b26091b4] PACKER 2026/02/09 19:53:05 packer-provisioner-file plugin: Waiting for connection...
[5ebc20d8-8907-4f02-8396-e310b26091b4] PACKER 2026/02/09 19:53:05 packer-provisioner-file plugin: Serving a plugin connection...
[5ebc20d8-8907-4f02-8396-e310b26091b4] PACKER 2026/02/09 19:53:05 [INFO] Starting external plugin /aib/packerInput/packer execute --protobuf packer-provisioner-powershell
[5ebc20d8-8907-4f02-8396-e310b26091b4] PACKER 2026/02/09 19:53:05 Starting plugin: /aib/packerInput/packer []string{"/aib/packerInput/packer", "execute", "--protobuf", "packer-provisioner-powershell"}
[5ebc20d8-8907-4f02-8396-e310b26091b4] PACKER 2026/02/09 19:53:05 Waiting for RPC address for: /aib/packerInput/packer
[5ebc20d8-8907-4f02-8396-e310b26091b4] PACKER 2026/02/09 19:53:05 packer-provisioner-powershell plugin: [INFO] Packer version: 1.14.3 [go1.24.0 linux amd64]
[5ebc20d8-8907-4f02-8396-e310b26091b4] PACKER 2026/02/09 19:53:05 packer-provisioner-powershell plugin: [INFO] PACKER_CONFIG env var not set; checking the default config file path
[5ebc20d8-8907-4f02-8396-e310b26091b4] PACKER 2026/02/09 19:53:05 packer-provisioner-powershell plugin: [INFO] PACKER_CONFIG env var set; attempting to open config file: /root/.packerconfig
[5ebc20d8-8907-4f02-8396-e310b26091b4] PACKER 2026/02/09 19:53:05 packer-provisioner-powershell plugin: [WARN] Config file doesn't exist: /root/.packerconfig
[5ebc20d8-8907-4f02-8396-e310b26091b4] PACKER 2026/02/09 19:53:05 packer-provisioner-powershell plugin: [INFO] Setting cache directory: /root/.cache/packer
[5ebc20d8-8907-4f02-8396-e310b26091b4] PACKER 2026/02/09 19:53:05 packer-provisioner-powershell plugin: Plugin address: unix /tmp/packer-plugin2801600338
[5ebc20d8-8907-4f02-8396-e310b26091b4] PACKER 2026/02/09 19:53:05 packer-provisioner-powershell plugin: Waiting for connection...
[5ebc20d8-8907-4f02-8396-e310b26091b4] PACKER 2026/02/09 19:53:05 Received unix RPC address for /aib/packerInput/packer: addr is /tmp/packer-plugin2801600338
[5ebc20d8-8907-4f02-8396-e310b26091b4] PACKER 2026/02/09 19:53:05 packer-provisioner-powershell plugin: Serving a plugin connection...
[5ebc20d8-8907-4f02-8396-e310b26091b4] PACKER 2026/02/09 19:53:05 [INFO] Starting external plugin /root/.config/packer/plugins/github.com/rgl/windows-update/packer-plugin-windows-update_v0.17.1_x5.0_linux_amd64 start provisioner --protobuf -packer-default-plugin-name-
[5ebc20d8-8907-4f02-8396-e310b26091b4] PACKER 2026/02/09 19:53:05 Starting plugin: /root/.config/packer/plugins/github.com/rgl/windows-update/packer-plugin-windows-update_v0.17.1_x5.0_linux_amd64 []string{"/root/.config/packer/plugins/github.com/rgl/windows-update/packer-plugin-windows-update_v0.17.1_x5.0_linux_amd64", "start", "provisioner", "--protobuf", "-packer-default-plugin-name-"}
[5ebc20d8-8907-4f02-8396-e310b26091b4] PACKER 2026/02/09 19:53:05 Waiting for RPC address for: /root/.config/packer/plugins/github.com/rgl/windows-update/packer-plugin-windows-update_v0.17.1_x5.0_linux_amd64
[5ebc20d8-8907-4f02-8396-e310b26091b4] PACKER 2026/02/09 19:53:05 packer-plugin-windows-update_v0.17.1_x5.0_linux_amd64 plugin: 2026/02/09 19:53:05 Starting packer-plugin-windows-update (version 0.17.1; commit fe8eafebc57f71c0a55e2aa902c2abd3a4012300; date 2025-09-22T20:12:53Z)
[5ebc20d8-8907-4f02-8396-e310b26091b4] PACKER 2026/02/09 19:53:05 packer-plugin-windows-update_v0.17.1_x5.0_linux_amd64 plugin: 2026/02/09 19:53:05 Plugin address: unix /tmp/packer-plugin801614170
[5ebc20d8-8907-4f02-8396-e310b26091b4] PACKER 2026/02/09 19:53:05 packer-plugin-windows-update_v0.17.1_x5.0_linux_amd64 plugin: 2026/02/09 19:53:05 Waiting for connection...
[5ebc20d8-8907-4f02-8396-e310b26091b4] PACKER 2026/02/09 19:53:05 Received unix RPC address for /root/.config/packer/plugins/github.com/rgl/windows-update/packer-plugin-windows-update_v0.17.1_x5.0_linux_amd64: addr is /tmp/packer-plugin801614170
[5ebc20d8-8907-4f02-8396-e310b26091b4] PACKER 2026/02/09 19:53:05 packer-plugin-windows-update_v0.17.1_x5.0_linux_amd64 plugin: 2026/02/09 19:53:05 Serving a plugin connection...
[5ebc20d8-8907-4f02-8396-e310b26091b4] PACKER 2026/02/09 19:53:05 packer-plugin-windows-update_v0.17.1_x5.0_linux_amd64 plugin: 2026/02/09 19:53:05 [TRACE] starting provisioner -packer-default-plugin-name-
[5ebc20d8-8907-4f02-8396-e310b26091b4] PACKER 2026/02/09 19:53:05 [INFO] Starting external plugin /aib/packerInput/packer execute --protobuf packer-provisioner-powershell
[5ebc20d8-8907-4f02-8396-e310b26091b4] PACKER 2026/02/09 19:53:05 Starting plugin: /aib/packerInput/packer []string{"/aib/packerInput/packer", "execute", "--protobuf", "packer-provisioner-powershell"}
[5ebc20d8-8907-4f02-8396-e310b26091b4] PACKER 2026/02/09 19:53:05 Waiting for RPC address for: /aib/packerInput/packer
[5ebc20d8-8907-4f02-8396-e310b26091b4] PACKER 2026/02/09 19:53:05 packer-provisioner-powershell plugin: [INFO] Packer version: 1.14.3 [go1.24.0 linux amd64]
[5ebc20d8-8907-4f02-8396-e310b26091b4] PACKER 2026/02/09 19:53:05 packer-provisioner-powershell plugin: [INFO] PACKER_CONFIG env var not set; checking the default config file path
[5ebc20d8-8907-4f02-8396-e310b26091b4] PACKER 2026/02/09 19:53:05 packer-provisioner-powershell plugin: [INFO] PACKER_CONFIG env var set; attempting to open config file: /root/.packerconfig
[5ebc20d8-8907-4f02-8396-e310b26091b4] PACKER 2026/02/09 19:53:05 packer-provisioner-powershell plugin: [WARN] Config file doesn't exist: /root/.packerconfig
[5ebc20d8-8907-4f02-8396-e310b26091b4] PACKER 2026/02/09 19:53:05 packer-provisioner-powershell plugin: [INFO] Setting cache directory: /root/.cache/packer
[5ebc20d8-8907-4f02-8396-e310b26091b4] PACKER 2026/02/09 19:53:05 packer-provisioner-powershell plugin: Plugin address: unix /tmp/packer-plugin1477740208
[5ebc20d8-8907-4f02-8396-e310b26091b4] PACKER 2026/02/09 19:53:05 packer-provisioner-powershell plugin: Waiting for connection...
[5ebc20d8-8907-4f02-8396-e310b26091b4] PACKER 2026/02/09 19:53:05 Received unix RPC address for /aib/packerInput/packer: addr is /tmp/packer-plugin1477740208
[5ebc20d8-8907-4f02-8396-e310b26091b4] PACKER 2026/02/09 19:53:05 packer-provisioner-powershell plugin: Serving a plugin connection...
[5ebc20d8-8907-4f02-8396-e310b26091b4] PACKER 2026/02/09 19:53:05 [INFO] Starting external plugin /aib/packerInput/packer execute --protobuf packer-provisioner-powershell
[5ebc20d8-8907-4f02-8396-e310b26091b4] PACKER 2026/02/09 19:53:05 Starting plugin: /aib/packerInput/packer []string{"/aib/packerInput/packer", "execute", "--protobuf", "packer-provisioner-powershell"}
[5ebc20d8-8907-4f02-8396-e310b26091b4] PACKER 2026/02/09 19:53:05 Waiting for RPC address for: /aib/packerInput/packer
[5ebc20d8-8907-4f02-8396-e310b26091b4] PACKER 2026/02/09 19:53:05 packer-provisioner-powershell plugin: [INFO] Packer version: 1.14.3 [go1.24.0 linux amd64]
[5ebc20d8-8907-4f02-8396-e310b26091b4] PACKER 2026/02/09 19:53:05 packer-provisioner-powershell plugin: [INFO] PACKER_CONFIG env var not set; checking the default config file path
[5ebc20d8-8907-4f02-8396-e310b26091b4] PACKER 2026/02/09 19:53:05 packer-provisioner-powershell plugin: [INFO] PACKER_CONFIG env var set; attempting to open config file: /root/.packerconfig
[5ebc20d8-8907-4f02-8396-e310b26091b4] PACKER 2026/02/09 19:53:05 packer-provisioner-powershell plugin: [WARN] Config file doesn't exist: /root/.packerconfig
[5ebc20d8-8907-4f02-8396-e310b26091b4] PACKER 2026/02/09 19:53:05 packer-provisioner-powershell plugin: [INFO] Setting cache directory: /root/.cache/packer
[5ebc20d8-8907-4f02-8396-e310b26091b4] PACKER 2026/02/09 19:53:05 packer-provisioner-powershell plugin: Plugin address: unix /tmp/packer-plugin616126565
[5ebc20d8-8907-4f02-8396-e310b26091b4] PACKER 2026/02/09 19:53:05 packer-provisioner-powershell plugin: Waiting for connection...
[5ebc20d8-8907-4f02-8396-e310b26091b4] PACKER 2026/02/09 19:53:05 Received unix RPC address for /aib/packerInput/packer: addr is /tmp/packer-plugin616126565
[5ebc20d8-8907-4f02-8396-e310b26091b4] PACKER 2026/02/09 19:53:05 packer-provisioner-powershell plugin: Serving a plugin connection...
[5ebc20d8-8907-4f02-8396-e310b26091b4] PACKER 2026/02/09 19:53:05 Preparing build: azure-arm
[5ebc20d8-8907-4f02-8396-e310b26091b4] PACKER 2026/02/09 19:53:05 packer-plugin-azure_v2.5.1_x5.0_linux_amd64 plugin: 2026/02/09 19:53:05 Error looking up environment using metadata host: retrieving metadata from endpoint "management.azure.com": performing request: Get "management.azure.com/metadata/endpoints?[REDACTED]": unsupported protocol scheme "".
[5ebc20d8-8907-4f02-8396-e310b26091b4] PACKER 2026/02/09 19:53:05 packer-plugin-azure_v2.5.1_x5.0_linux_amd64 plugin: Falling back to hardcoded mechanism...
[5ebc20d8-8907-4f02-8396-e310b26091b4] PACKER 2026/02/09 19:53:05 packer-plugin-azure_v2.5.1_x5.0_linux_amd64 plugin: 2026/02/09 19:53:05 Error looking up environment using metadata host: retrieving metadata from endpoint "management.azure.com": performing request: Get "management.azure.com/metadata/endpoints?[REDACTED]": unsupported protocol scheme "".
[5ebc20d8-8907-4f02-8396-e310b26091b4] PACKER 2026/02/09 19:53:05 packer-plugin-azure_v2.5.1_x5.0_linux_amd64 plugin: Falling back to hardcoded mechanism...
[5ebc20d8-8907-4f02-8396-e310b26091b4] PACKER 2026/02/09 19:53:05 packer-provisioner-powershell plugin: Using script default execute command powershell -executionpolicy bypass "& { if (Test-Path variable:global:ProgressPreference){set-variable -name variable:global:ProgressPreference -value 'SilentlyContinue'};. {{.Vars}}; &'{{.Path}}'; exit $LastExitCode }"
[5ebc20d8-8907-4f02-8396-e310b26091b4] PACKER 2026/02/09 19:53:05 packer-provisioner-powershell plugin: Using script default elevated execute command powershell -executionpolicy bypass "& { if (Test-Path variable:global:ProgressPreference){set-variable -name variable:global:ProgressPreference -value 'SilentlyContinue'};. {{.Vars}}; &'{{.Path}}'; exit $LastExitCode }"
[5ebc20d8-8907-4f02-8396-e310b26091b4] PACKER 2026/02/09 19:53:05 packer-provisioner-powershell plugin: Using inline default execute command powershell -executionpolicy bypass -file {{.Path}}
[5ebc20d8-8907-4f02-8396-e310b26091b4] PACKER 2026/02/09 19:53:05 packer-provisioner-powershell plugin: Using inline default elevated execute command powershell -executionpolicy bypass -file {{.Path}}
[5ebc20d8-8907-4f02-8396-e310b26091b4] PACKER 2026/02/09 19:53:05 packer-provisioner-powershell plugin: Using script default execute command powershell -executionpolicy bypass "& { if (Test-Path variable:global:ProgressPreference){set-variable -name variable:global:ProgressPreference -value 'SilentlyContinue'};. {{.Vars}}; &'{{.Path}}'; exit $LastExitCode }"
[5ebc20d8-8907-4f02-8396-e310b26091b4] PACKER 2026/02/09 19:53:05 packer-provisioner-powershell plugin: Using script default elevated execute command powershell -executionpolicy bypass "& { if (Test-Path variable:global:ProgressPreference){set-variable -name variable:global:ProgressPreference -value 'SilentlyContinue'};. {{.Vars}}; &'{{.Path}}'; exit $LastExitCode }"
[5ebc20d8-8907-4f02-8396-e310b26091b4] PACKER 2026/02/09 19:53:05 packer-provisioner-powershell plugin: Using inline default execute command powershell -executionpolicy bypass -file {{.Path}}
[5ebc20d8-8907-4f02-8396-e310b26091b4] PACKER 2026/02/09 19:53:05 packer-provisioner-powershell plugin: Using inline default elevated execute command powershell -executionpolicy bypass -file {{.Path}}
[5ebc20d8-8907-4f02-8396-e310b26091b4] PACKER 2026/02/09 19:53:05 ui: azure-arm: output will be in this color.
[5ebc20d8-8907-4f02-8396-e310b26091b4] PACKER 2026/02/09 19:53:05 ui: 
[5ebc20d8-8907-4f02-8396-e310b26091b4] PACKER 2026/02/09 19:53:05 Build debug mode: false
[5ebc20d8-8907-4f02-8396-e310b26091b4] PACKER 2026/02/09 19:53:05 Force build: false
[5ebc20d8-8907-4f02-8396-e310b26091b4] PACKER 2026/02/09 19:53:05 On error: cleanup
[5ebc20d8-8907-4f02-8396-e310b26091b4] PACKER 2026/02/09 19:53:05 Waiting on builds to complete...
[5ebc20d8-8907-4f02-8396-e310b26091b4] PACKER 2026/02/09 19:53:05 Starting build run: azure-arm
[5ebc20d8-8907-4f02-8396-e310b26091b4] PACKER 2026/02/09 19:53:05 Running builder: azure-arm
[5ebc20d8-8907-4f02-8396-e310b26091b4] PACKER 2026/02/09 19:53:05 ui: ==> azure-arm: Running builder ...
[5ebc20d8-8907-4f02-8396-e310b26091b4] PACKER 2026/02/09 19:53:06 packer-plugin-azure_v2.5.1_x5.0_linux_amd64 plugin: 2026/02/09 19:53:06 :: Configuration
[5ebc20d8-8907-4f02-8396-e310b26091b4] PACKER 2026/02/09 19:53:06 packer-plugin-azure_v2.5.1_x5.0_linux_amd64 plugin: 2026/02/09 19:53:06 CaptureNamePrefix=
[5ebc20d8-8907-4f02-8396-e310b26091b4] PACKER 2026/02/09 19:53:06 packer-plugin-azure_v2.5.1_x5.0_linux_amd64 plugin: 2026/02/09 19:53:06 CaptureContainerName=
[5ebc20d8-8907-4f02-8396-e310b26091b4] PACKER 2026/02/09 19:53:06 packer-plugin-azure_v2.5.1_x5.0_linux_amd64 plugin: 2026/02/09 19:53:06 SharedGalleryImageVersionEndOfLifeDate=
[5ebc20d8-8907-4f02-8396-e310b26091b4] PACKER 2026/02/09 19:53:06 packer-plugin-azure_v2.5.1_x5.0_linux_amd64 plugin: 2026/02/09 19:53:06 ImagePublisher=MicrosoftWindowsDesktop
[5ebc20d8-8907-4f02-8396-e310b26091b4] PACKER 2026/02/09 19:53:06 packer-plugin-azure_v2.5.1_x5.0_linux_amd64 plugin: 2026/02/09 19:53:06 ImageOffer=Windows-10
[5ebc20d8-8907-4f02-8396-e310b26091b4] PACKER 2026/02/09 19:53:06 packer-plugin-azure_v2.5.1_x5.0_linux_amd64 plugin: 2026/02/09 19:53:06 ImageSku=win10-22h2-avd-g2
[5ebc20d8-8907-4f02-8396-e310b26091b4] PACKER 2026/02/09 19:53:06 packer-plugin-azure_v2.5.1_x5.0_linux_amd64 plugin: 2026/02/09 19:53:06 ImageVersion=19045.6456.251117
[5ebc20d8-8907-4f02-8396-e310b26091b4] PACKER 2026/02/09 19:53:06 packer-plugin-azure_v2.5.1_x5.0_linux_amd64 plugin: 2026/02/09 19:53:06 ImageUrl=
[5ebc20d8-8907-4f02-8396-e310b26091b4] PACKER 2026/02/09 19:53:06 packer-plugin-azure_v2.5.1_x5.0_linux_amd64 plugin: 2026/02/09 19:53:06 CustomManagedImageName=
[5ebc20d8-8907-4f02-8396-e310b26091b4] PACKER 2026/02/09 19:53:06 packer-plugin-azure_v2.5.1_x5.0_linux_amd64 plugin: 2026/02/09 19:53:06 CustomManagedImageResourceGroupName=
[5ebc20d8-8907-4f02-8396-e310b26091b4] PACKER 2026/02/09 19:53:06 packer-plugin-azure_v2.5.1_x5.0_linux_amd64 plugin: 2026/02/09 19:53:06 Location=
[5ebc20d8-8907-4f02-8396-e310b26091b4] PACKER 2026/02/09 19:53:06 packer-plugin-azure_v2.5.1_x5.0_linux_amd64 plugin: 2026/02/09 19:53:06 VMSize=Standard_D8s_v6
[5ebc20d8-8907-4f02-8396-e310b26091b4] PACKER 2026/02/09 19:53:06 packer-plugin-azure_v2.5.1_x5.0_linux_amd64 plugin: 2026/02/09 19:53:06 ManagedImageResourceGroupName=IT_rg-avd-aib-use2-1770666349_win10-22h2-av_3934a6b0-33f7-49ba-b58d-1f59cdda2c5e
[5ebc20d8-8907-4f02-8396-e310b26091b4] PACKER 2026/02/09 19:53:06 packer-plugin-azure_v2.5.1_x5.0_linux_amd64 plugin: 2026/02/09 19:53:06 ManagedImageName=packerImg_20260209195019
[5ebc20d8-8907-4f02-8396-e310b26091b4] PACKER 2026/02/09 19:53:06 packer-plugin-azure_v2.5.1_x5.0_linux_amd64 plugin: 2026/02/09 19:53:06 ManagedImageStorageAccountType=
[5ebc20d8-8907-4f02-8396-e310b26091b4] PACKER 2026/02/09 19:53:06 packer-plugin-azure_v2.5.1_x5.0_linux_amd64 plugin: 2026/02/09 19:53:06 ManagedImageOSDiskSnapshotName=packerImg_20260209195019_os_disk
[5ebc20d8-8907-4f02-8396-e310b26091b4] PACKER 2026/02/09 19:53:06 packer-plugin-azure_v2.5.1_x5.0_linux_amd64 plugin: 2026/02/09 19:53:06 ManagedImageDataDiskSnapshotPrefix=
[5ebc20d8-8907-4f02-8396-e310b26091b4] PACKER 2026/02/09 19:53:06 packer-plugin-azure_v2.5.1_x5.0_linux_amd64 plugin: 2026/02/09 19:53:06 ResourceGroupName=
[5ebc20d8-8907-4f02-8396-e310b26091b4] PACKER 2026/02/09 19:53:06 packer-plugin-azure_v2.5.1_x5.0_linux_amd64 plugin: 2026/02/09 19:53:06 StorageAccount=
[5ebc20d8-8907-4f02-8396-e310b26091b4] PACKER 2026/02/09 19:53:06 packer-plugin-azure_v2.5.1_x5.0_linux_amd64 plugin: 2026/02/09 19:53:06 TempComputeName=
[5ebc20d8-8907-4f02-8396-e310b26091b4] PACKER 2026/02/09 19:53:06 packer-plugin-azure_v2.5.1_x5.0_linux_amd64 plugin: 2026/02/09 19:53:06 TempNicName=
[5ebc20d8-8907-4f02-8396-e310b26091b4] PACKER 2026/02/09 19:53:06 packer-plugin-azure_v2.5.1_x5.0_linux_amd64 plugin: 2026/02/09 19:53:06 TempResourceGroupName=
[5ebc20d8-8907-4f02-8396-e310b26091b4] PACKER 2026/02/09 19:53:06 packer-plugin-azure_v2.5.1_x5.0_linux_amd64 plugin: 2026/02/09 19:53:06 BuildResourceGroupName=IT_rg-avd-aib-use2-1770666349_win10-22h2-av_3934a6b0-33f7-49ba-b58d-1f59cdda2c5e
[5ebc20d8-8907-4f02-8396-e310b26091b4] PACKER 2026/02/09 19:53:06 packer-plugin-azure_v2.5.1_x5.0_linux_amd64 plugin: 2026/02/09 19:53:06 BuildKeyVaultName=
[5ebc20d8-8907-4f02-8396-e310b26091b4] PACKER 2026/02/09 19:53:06 packer-plugin-azure_v2.5.1_x5.0_linux_amd64 plugin: 2026/02/09 19:53:06 BuildKeyVaultSecretName=********************
[5ebc20d8-8907-4f02-8396-e310b26091b4] PACKER 2026/02/09 19:53:06 packer-plugin-azure_v2.5.1_x5.0_linux_amd64 plugin: 2026/02/09 19:53:06 BuildKeyVaultSKU=standard
[5ebc20d8-8907-4f02-8396-e310b26091b4] PACKER 2026/02/09 19:53:06 packer-plugin-azure_v2.5.1_x5.0_linux_amd64 plugin: 2026/02/09 19:53:06 DiskEncryptionSetId=
[5ebc20d8-8907-4f02-8396-e310b26091b4] PACKER 2026/02/09 19:53:06 packer-plugin-azure_v2.5.1_x5.0_linux_amd64 plugin: 2026/02/09 19:53:06 VirtualNetworkName=aibvnet4slel
[5ebc20d8-8907-4f02-8396-e310b26091b4] PACKER 2026/02/09 19:53:06 packer-plugin-azure_v2.5.1_x5.0_linux_amd64 plugin: 2026/02/09 19:53:06 VirtualNetworkSubnetName=remotesubnet
[5ebc20d8-8907-4f02-8396-e310b26091b4] PACKER 2026/02/09 19:53:06 packer-plugin-azure_v2.5.1_x5.0_linux_amd64 plugin: 2026/02/09 19:53:06 VirtualNetworkResourceGroupName=IT_rg-avd-aib-use2-1770666349_win10-22h2-av_3934a6b0-33f7-49ba-b58d-1f59cdda2c5e
[5ebc20d8-8907-4f02-8396-e310b26091b4] PACKER 2026/02/09 19:53:06 packer-plugin-azure_v2.5.1_x5.0_linux_amd64 plugin: 2026/02/09 19:53:06 CustomDataFile=
[5ebc20d8-8907-4f02-8396-e310b26091b4] PACKER 2026/02/09 19:53:06 packer-plugin-azure_v2.5.1_x5.0_linux_amd64 plugin: 2026/02/09 19:53:06 CustomData=
[5ebc20d8-8907-4f02-8396-e310b26091b4] PACKER 2026/02/09 19:53:06 packer-plugin-azure_v2.5.1_x5.0_linux_amd64 plugin: 2026/02/09 19:53:06 UserDataFile=
[5ebc20d8-8907-4f02-8396-e310b26091b4] PACKER 2026/02/09 19:53:06 packer-plugin-azure_v2.5.1_x5.0_linux_amd64 plugin: 2026/02/09 19:53:06 UserData=
[5ebc20d8-8907-4f02-8396-e310b26091b4] PACKER 2026/02/09 19:53:06 packer-plugin-azure_v2.5.1_x5.0_linux_amd64 plugin: 2026/02/09 19:53:06 CustomScript=
[5ebc20d8-8907-4f02-8396-e310b26091b4] PACKER 2026/02/09 19:53:06 packer-plugin-azure_v2.5.1_x5.0_linux_amd64 plugin: 2026/02/09 19:53:06 OSType=Windows
[5ebc20d8-8907-4f02-8396-e310b26091b4] PACKER 2026/02/09 19:53:06 packer-plugin-azure_v2.5.1_x5.0_linux_amd64 plugin: 2026/02/09 19:53:06 TempOSDiskName=
[5ebc20d8-8907-4f02-8396-e310b26091b4] PACKER 2026/02/09 19:53:06 packer-plugin-azure_v2.5.1_x5.0_linux_amd64 plugin: 2026/02/09 19:53:06 DiskCachingType=None
[5ebc20d8-8907-4f02-8396-e310b26091b4] PACKER 2026/02/09 19:53:06 packer-plugin-azure_v2.5.1_x5.0_linux_amd64 plugin: 2026/02/09 19:53:06 BootDiagSTGAccount=
[5ebc20d8-8907-4f02-8396-e310b26091b4] PACKER 2026/02/09 19:53:06 packer-plugin-azure_v2.5.1_x5.0_linux_amd64 plugin: 2026/02/09 19:53:06 CustomResourcePrefix=
[5ebc20d8-8907-4f02-8396-e310b26091b4] PACKER 2026/02/09 19:53:06 packer-plugin-azure_v2.5.1_x5.0_linux_amd64 plugin: 2026/02/09 19:53:06 LicenseType=
[5ebc20d8-8907-4f02-8396-e310b26091b4] PACKER 2026/02/09 19:53:06 packer-plugin-azure_v2.5.1_x5.0_linux_amd64 plugin: 2026/02/09 19:53:06 PublicIpSKU=
[5ebc20d8-8907-4f02-8396-e310b26091b4] PACKER 2026/02/09 19:53:06 packer-plugin-azure_v2.5.1_x5.0_linux_amd64 plugin: 2026/02/09 19:53:06 SecurityType=
[5ebc20d8-8907-4f02-8396-e310b26091b4] PACKER 2026/02/09 19:53:06 packer-plugin-azure_v2.5.1_x5.0_linux_amd64 plugin: 2026/02/09 19:53:06 SecurityEncryptionType=
[5ebc20d8-8907-4f02-8396-e310b26091b4] PACKER 2026/02/09 19:53:06 packer-plugin-azure_v2.5.1_x5.0_linux_amd64 plugin: 2026/02/09 19:53:06 UserName=packer
[5ebc20d8-8907-4f02-8396-e310b26091b4] PACKER 2026/02/09 19:53:06 packer-plugin-azure_v2.5.1_x5.0_linux_amd64 plugin: 2026/02/09 19:53:06 Password=********************************
[5ebc20d8-8907-4f02-8396-e310b26091b4] PACKER 2026/02/09 19:53:06 ui: ==> azure-arm: Creating Azure Resource Manager (ARM) client ...
[5ebc20d8-8907-4f02-8396-e310b26091b4] PACKER 2026/02/09 19:53:06 packer-plugin-azure_v2.5.1_x5.0_linux_amd64 plugin: 2026/02/09 19:53:06 [DEBUG] POST https://login.microsoftonline.com/c98cc9d1-9c8c-4e92-a8ba-a5a0bba80f61/oauth2/v2.0/token
[5ebc20d8-8907-4f02-8396-e310b26091b4] PACKER 2026/02/09 19:53:06 ui: ==> azure-arm: ARM Client successfully created
[5ebc20d8-8907-4f02-8396-e310b26091b4] PACKER 2026/02/09 19:53:06 packer-plugin-azure_v2.5.1_x5.0_linux_amd64 plugin: 2026/02/09 19:53:06 [DEBUG] GET https://management.azure.com/subscriptions/30c8d9eb-366e-4d2c-a723-95bc688f7c97/resourceGroups/IT_rg-avd-aib-use2-1770666349_win10-22h2-av_3934a6b0-33f7-49ba-b58d-1f59cdda2c5e?[REDACTED]
[5ebc20d8-8907-4f02-8396-e310b26091b4] PACKER 2026/02/09 19:53:06 packer-plugin-azure_v2.5.1_x5.0_linux_amd64 plugin: 2026/02/09 19:53:06 [DEBUG] GET https://management.azure.com/subscriptions/30c8d9eb-366e-4d2c-a723-95bc688f7c97/resourceGroups/IT_rg-avd-aib-use2-1770666349_win10-22h2-av_3934a6b0-33f7-49ba-b58d-1f59cdda2c5e/providers/Microsoft.Compute/images/packerImg_20260209195019?[REDACTED]
[5ebc20d8-8907-4f02-8396-e310b26091b4] PACKER 2026/02/09 19:53:06 packer-plugin-azure_v2.5.1_x5.0_linux_amd64 plugin: 2026/02/09 19:53:06 [DEBUG] GET https://management.azure.com/subscriptions/30c8d9eb-366e-4d2c-a723-95bc688f7c97/resourceGroups/IT_rg-avd-aib-use2-1770666349_win10-22h2-av_3934a6b0-33f7-49ba-b58d-1f59cdda2c5e/providers/Microsoft.Compute/snapshots/packerImg_20260209195019_os_disk?[REDACTED]
[5ebc20d8-8907-4f02-8396-e310b26091b4] PACKER 2026/02/09 19:53:06 packer-plugin-azure_v2.5.1_x5.0_linux_amd64 plugin: 2026/02/09 19:53:06 [DEBUG] GET https://management.azure.com/subscriptions/30c8d9eb-366e-4d2c-a723-95bc688f7c97/resourceGroups/IT_rg-avd-aib-use2-1770666349_win10-22h2-av_3934a6b0-33f7-49ba-b58d-1f59cdda2c5e?[REDACTED]
[5ebc20d8-8907-4f02-8396-e310b26091b4] PACKER 2026/02/09 19:53:06 ui: ==> azure-arm: Getting source image id for the deployment ...
[5ebc20d8-8907-4f02-8396-e310b26091b4] PACKER 2026/02/09 19:53:06 ui: ==> azure-arm:  -> SourceImageName: '/subscriptions/30c8d9eb-366e-4d2c-a723-95bc688f7c97/providers/Microsoft.Compute/locations/eastus2/publishers/MicrosoftWindowsDesktop/ArtifactTypes/vmimage/offers/Windows-10/skus/win10-22h2-avd-g2/versions/19045.6456.251117'
[5ebc20d8-8907-4f02-8396-e310b26091b4] PACKER 2026/02/09 19:53:06 packer-plugin-azure_v2.5.1_x5.0_linux_amd64 plugin: 2026/02/09 19:53:06 [DEBUG] GET https://management.azure.com/subscriptions/30c8d9eb-366e-4d2c-a723-95bc688f7c97/resourceGroups/IT_rg-avd-aib-use2-1770666349_win10-22h2-av_3934a6b0-33f7-49ba-b58d-1f59cdda2c5e?[REDACTED]
[5ebc20d8-8907-4f02-8396-e310b26091b4] PACKER 2026/02/09 19:53:07 ui: ==> azure-arm: Using existing resource group ...
[5ebc20d8-8907-4f02-8396-e310b26091b4] PACKER 2026/02/09 19:53:07 ui: ==> azure-arm:  -> ResourceGroupName : 'IT_rg-avd-aib-use2-1770666349_win10-22h2-av_3934a6b0-33f7-49ba-b58d-1f59cdda2c5e'
[5ebc20d8-8907-4f02-8396-e310b26091b4] PACKER 2026/02/09 19:53:07 ui: ==> azure-arm:  -> Location          : 'eastus2'
[5ebc20d8-8907-4f02-8396-e310b26091b4] PACKER 2026/02/09 19:53:07 ui: ==> azure-arm: Validating deployment template ...
[5ebc20d8-8907-4f02-8396-e310b26091b4] PACKER 2026/02/09 19:53:07 ui: ==> azure-arm:  -> ResourceGroupName : 'IT_rg-avd-aib-use2-1770666349_win10-22h2-av_3934a6b0-33f7-49ba-b58d-1f59cdda2c5e'
[5ebc20d8-8907-4f02-8396-e310b26091b4] PACKER 2026/02/09 19:53:07 ui: ==> azure-arm:  -> DeploymentName    : 'kvpkrdplvwwnij11v'
[5ebc20d8-8907-4f02-8396-e310b26091b4] PACKER 2026/02/09 19:53:07 packer-plugin-azure_v2.5.1_x5.0_linux_amd64 plugin: 2026/02/09 19:53:07 [DEBUG] POST https://management.azure.com/subscriptions/30c8d9eb-366e-4d2c-a723-95bc688f7c97/resourceGroups/IT_rg-avd-aib-use2-1770666349_win10-22h2-av_3934a6b0-33f7-49ba-b58d-1f59cdda2c5e/providers/Microsoft.Resources/deployments/kvpkrdplvwwnij11v/validate?[REDACTED]
[5ebc20d8-8907-4f02-8396-e310b26091b4] PACKER 2026/02/09 19:53:08 ui: ==> azure-arm: Deploying deployment template ...
[5ebc20d8-8907-4f02-8396-e310b26091b4] PACKER 2026/02/09 19:53:08 ui: ==> azure-arm:  -> ResourceGroupName : 'IT_rg-avd-aib-use2-1770666349_win10-22h2-av_3934a6b0-33f7-49ba-b58d-1f59cdda2c5e'
[5ebc20d8-8907-4f02-8396-e310b26091b4] PACKER 2026/02/09 19:53:08 ui: ==> azure-arm:  -> DeploymentName    : 'kvpkrdplvwwnij11v'
[5ebc20d8-8907-4f02-8396-e310b26091b4] PACKER 2026/02/09 19:53:08 packer-plugin-azure_v2.5.1_x5.0_linux_amd64 plugin: 2026/02/09 19:53:08 [DEBUG] PUT https://management.azure.com/subscriptions/30c8d9eb-366e-4d2c-a723-95bc688f7c97/resourceGroups/IT_rg-avd-aib-use2-1770666349_win10-22h2-av_3934a6b0-33f7-49ba-b58d-1f59cdda2c5e/providers/Microsoft.Resources/deployments/kvpkrdplvwwnij11v?[REDACTED]
[5ebc20d8-8907-4f02-8396-e310b26091b4] PACKER 2026/02/09 19:53:18 packer-plugin-azure_v2.5.1_x5.0_linux_amd64 plugin: 2026/02/09 19:53:18 [DEBUG] GET https://management.azure.com/subscriptions/30c8d9eb-366e-4d2c-a723-95bc688f7c97/resourcegroups/IT_rg-avd-aib-use2-1770666349_win10-22h2-av_3934a6b0-33f7-49ba-b58d-1f59cdda2c5e/providers/Microsoft.Resources/deployments/kvpkrdplvwwnij11v/operationStatuses/08584309400972039888?[REDACTED]
[5ebc20d8-8907-4f02-8396-e310b26091b4] PACKER 2026/02/09 19:53:29 packer-plugin-azure_v2.5.1_x5.0_linux_amd64 plugin: 2026/02/09 19:53:29 [DEBUG] GET https://management.azure.com/subscriptions/30c8d9eb-366e-4d2c-a723-95bc688f7c97/resourcegroups/IT_rg-avd-aib-use2-1770666349_win10-22h2-av_3934a6b0-33f7-49ba-b58d-1f59cdda2c5e/providers/Microsoft.Resources/deployments/kvpkrdplvwwnij11v/operationStatuses/08584309400972039888?[REDACTED]
[5ebc20d8-8907-4f02-8396-e310b26091b4] PACKER 2026/02/09 19:53:39 packer-plugin-azure_v2.5.1_x5.0_linux_amd64 plugin: 2026/02/09 19:53:39 [DEBUG] GET https://management.azure.com/subscriptions/30c8d9eb-366e-4d2c-a723-95bc688f7c97/resourcegroups/IT_rg-avd-aib-use2-1770666349_win10-22h2-av_3934a6b0-33f7-49ba-b58d-1f59cdda2c5e/providers/Microsoft.Resources/deployments/kvpkrdplvwwnij11v/operationStatuses/08584309400972039888?[REDACTED]
[5ebc20d8-8907-4f02-8396-e310b26091b4] PACKER 2026/02/09 19:53:39 ui: ==> azure-arm: Getting the certificate's URL ...
[5ebc20d8-8907-4f02-8396-e310b26091b4] PACKER 2026/02/09 19:53:39 ui: ==> azure-arm:  -> Key Vault Name        : 'pkrkvlvwwnij11v'
[5ebc20d8-8907-4f02-8396-e310b26091b4] PACKER 2026/02/09 19:53:39 ui: ==> azure-arm:  -> Key Vault Secret Name : 'packerKeyVaultSecret'
[5ebc20d8-8907-4f02-8396-e310b26091b4] PACKER 2026/02/09 19:53:39 packer-plugin-azure_v2.5.1_x5.0_linux_amd64 plugin: 2026/02/09 19:53:39 [DEBUG] GET https://management.azure.com/subscriptions/30c8d9eb-366e-4d2c-a723-95bc688f7c97/resourceGroups/IT_rg-avd-aib-use2-1770666349_win10-22h2-av_3934a6b0-33f7-49ba-b58d-1f59cdda2c5e/providers/Microsoft.KeyVault/vaults/pkrkvlvwwnij11v/secrets/packerKeyVaultSecret?[REDACTED]
[5ebc20d8-8907-4f02-8396-e310b26091b4] PACKER 2026/02/09 19:53:39 ui: ==> azure-arm:  -> Certificate URL       : 'https://pkrkvlvwwnij11v.vault.azure.net/secrets/packerKeyVaultSecret/1bac1636c2da4629bcbbf3c06e063df9'
[5ebc20d8-8907-4f02-8396-e310b26091b4] PACKER 2026/02/09 19:53:39 ui: ==> azure-arm: Setting the certificate's URL ...
[5ebc20d8-8907-4f02-8396-e310b26091b4] PACKER 2026/02/09 19:53:39 ui: ==> azure-arm: Validating deployment template ...
[5ebc20d8-8907-4f02-8396-e310b26091b4] PACKER 2026/02/09 19:53:39 ui: ==> azure-arm:  -> ResourceGroupName : 'IT_rg-avd-aib-use2-1770666349_win10-22h2-av_3934a6b0-33f7-49ba-b58d-1f59cdda2c5e'
[5ebc20d8-8907-4f02-8396-e310b26091b4] PACKER 2026/02/09 19:53:39 ui: ==> azure-arm:  -> DeploymentName    : 'pkrdplvwwnij11v'
[5ebc20d8-8907-4f02-8396-e310b26091b4] PACKER 2026/02/09 19:53:39 packer-plugin-azure_v2.5.1_x5.0_linux_amd64 plugin: 2026/02/09 19:53:39 [DEBUG] POST https://management.azure.com/subscriptions/30c8d9eb-366e-4d2c-a723-95bc688f7c97/resourceGroups/IT_rg-avd-aib-use2-1770666349_win10-22h2-av_3934a6b0-33f7-49ba-b58d-1f59cdda2c5e/providers/Microsoft.Resources/deployments/pkrdplvwwnij11v/validate?[REDACTED]
[5ebc20d8-8907-4f02-8396-e310b26091b4] PACKER 2026/02/09 19:53:40 ui: ==> azure-arm: Deploying deployment template ...
[5ebc20d8-8907-4f02-8396-e310b26091b4] PACKER 2026/02/09 19:53:40 ui: ==> azure-arm:  -> ResourceGroupName : 'IT_rg-avd-aib-use2-1770666349_win10-22h2-av_3934a6b0-33f7-49ba-b58d-1f59cdda2c5e'
[5ebc20d8-8907-4f02-8396-e310b26091b4] PACKER 2026/02/09 19:53:40 ui: ==> azure-arm:  -> DeploymentName    : 'pkrdplvwwnij11v'
[5ebc20d8-8907-4f02-8396-e310b26091b4] PACKER 2026/02/09 19:53:40 packer-plugin-azure_v2.5.1_x5.0_linux_amd64 plugin: 2026/02/09 19:53:40 [DEBUG] PUT https://management.azure.com/subscriptions/30c8d9eb-366e-4d2c-a723-95bc688f7c97/resourceGroups/IT_rg-avd-aib-use2-1770666349_win10-22h2-av_3934a6b0-33f7-49ba-b58d-1f59cdda2c5e/providers/Microsoft.Resources/deployments/pkrdplvwwnij11v?[REDACTED]
[5ebc20d8-8907-4f02-8396-e310b26091b4] PACKER 2026/02/09 19:53:51 packer-plugin-azure_v2.5.1_x5.0_linux_amd64 plugin: 2026/02/09 19:53:51 [DEBUG] GET https://management.azure.com/subscriptions/30c8d9eb-366e-4d2c-a723-95bc688f7c97/resourcegroups/IT_rg-avd-aib-use2-1770666349_win10-22h2-av_3934a6b0-33f7-49ba-b58d-1f59cdda2c5e/providers/Microsoft.Resources/deployments/pkrdplvwwnij11v/operationStatuses/08584309400649264673?[REDACTED]
[5ebc20d8-8907-4f02-8396-e310b26091b4] PACKER 2026/02/09 19:54:01 packer-plugin-azure_v2.5.1_x5.0_linux_amd64 plugin: 2026/02/09 19:54:01 [DEBUG] GET https://management.azure.com/subscriptions/30c8d9eb-366e-4d2c-a723-95bc688f7c97/resourcegroups/IT_rg-avd-aib-use2-1770666349_win10-22h2-av_3934a6b0-33f7-49ba-b58d-1f59cdda2c5e/providers/Microsoft.Resources/deployments/pkrdplvwwnij11v/operationStatuses/08584309400649264673?[REDACTED]
[5ebc20d8-8907-4f02-8396-e310b26091b4] PACKER 2026/02/09 19:54:11 packer-plugin-azure_v2.5.1_x5.0_linux_amd64 plugin: 2026/02/09 19:54:11 [DEBUG] GET https://management.azure.com/subscriptions/30c8d9eb-366e-4d2c-a723-95bc688f7c97/resourcegroups/IT_rg-avd-aib-use2-1770666349_win10-22h2-av_3934a6b0-33f7-49ba-b58d-1f59cdda2c5e/providers/Microsoft.Resources/deployments/pkrdplvwwnij11v/operationStatuses/08584309400649264673?[REDACTED]
[5ebc20d8-8907-4f02-8396-e310b26091b4] PACKER 2026/02/09 19:54:21 packer-plugin-azure_v2.5.1_x5.0_linux_amd64 plugin: 2026/02/09 19:54:21 [DEBUG] GET https://management.azure.com/subscriptions/30c8d9eb-366e-4d2c-a723-95bc688f7c97/resourcegroups/IT_rg-avd-aib-use2-1770666349_win10-22h2-av_3934a6b0-33f7-49ba-b58d-1f59cdda2c5e/providers/Microsoft.Resources/deployments/pkrdplvwwnij11v/operationStatuses/08584309400649264673?[REDACTED]
[5ebc20d8-8907-4f02-8396-e310b26091b4] PACKER 2026/02/09 19:54:31 packer-plugin-azure_v2.5.1_x5.0_linux_amd64 plugin: 2026/02/09 19:54:31 [DEBUG] GET https://management.azure.com/subscriptions/30c8d9eb-366e-4d2c-a723-95bc688f7c97/resourcegroups/IT_rg-avd-aib-use2-1770666349_win10-22h2-av_3934a6b0-33f7-49ba-b58d-1f59cdda2c5e/providers/Microsoft.Resources/deployments/pkrdplvwwnij11v/operationStatuses/08584309400649264673?[REDACTED]
[5ebc20d8-8907-4f02-8396-e310b26091b4] PACKER 2026/02/09 19:54:41 packer-plugin-azure_v2.5.1_x5.0_linux_amd64 plugin: 2026/02/09 19:54:41 [DEBUG] GET https://management.azure.com/subscriptions/30c8d9eb-366e-4d2c-a723-95bc688f7c97/resourcegroups/IT_rg-avd-aib-use2-1770666349_win10-22h2-av_3934a6b0-33f7-49ba-b58d-1f59cdda2c5e/providers/Microsoft.Resources/deployments/pkrdplvwwnij11v/operationStatuses/08584309400649264673?[REDACTED]
[5ebc20d8-8907-4f02-8396-e310b26091b4] PACKER 2026/02/09 19:54:52 packer-plugin-azure_v2.5.1_x5.0_linux_amd64 plugin: 2026/02/09 19:54:52 [DEBUG] GET https://management.azure.com/subscriptions/30c8d9eb-366e-4d2c-a723-95bc688f7c97/resourcegroups/IT_rg-avd-aib-use2-1770666349_win10-22h2-av_3934a6b0-33f7-49ba-b58d-1f59cdda2c5e/providers/Microsoft.Resources/deployments/pkrdplvwwnij11v/operationStatuses/08584309400649264673?[REDACTED]
[5ebc20d8-8907-4f02-8396-e310b26091b4] PACKER 2026/02/09 19:55:02 packer-plugin-azure_v2.5.1_x5.0_linux_amd64 plugin: 2026/02/09 19:55:02 [DEBUG] GET https://management.azure.com/subscriptions/30c8d9eb-366e-4d2c-a723-95bc688f7c97/resourcegroups/IT_rg-avd-aib-use2-1770666349_win10-22h2-av_3934a6b0-33f7-49ba-b58d-1f59cdda2c5e/providers/Microsoft.Resources/deployments/pkrdplvwwnij11v/operationStatuses/08584309400649264673?[REDACTED]
[5ebc20d8-8907-4f02-8396-e310b26091b4] PACKER 2026/02/09 19:55:12 packer-plugin-azure_v2.5.1_x5.0_linux_amd64 plugin: 2026/02/09 19:55:12 [DEBUG] GET https://management.azure.com/subscriptions/30c8d9eb-366e-4d2c-a723-95bc688f7c97/resourcegroups/IT_rg-avd-aib-use2-1770666349_win10-22h2-av_3934a6b0-33f7-49ba-b58d-1f59cdda2c5e/providers/Microsoft.Resources/deployments/pkrdplvwwnij11v/operationStatuses/08584309400649264673?[REDACTED]
[5ebc20d8-8907-4f02-8396-e310b26091b4] PACKER 2026/02/09 19:55:22 packer-plugin-azure_v2.5.1_x5.0_linux_amd64 plugin: 2026/02/09 19:55:22 [DEBUG] GET https://management.azure.com/subscriptions/30c8d9eb-366e-4d2c-a723-95bc688f7c97/resourcegroups/IT_rg-avd-aib-use2-1770666349_win10-22h2-av_3934a6b0-33f7-49ba-b58d-1f59cdda2c5e/providers/Microsoft.Resources/deployments/pkrdplvwwnij11v/operationStatuses/08584309400649264673?[REDACTED]
[5ebc20d8-8907-4f02-8396-e310b26091b4] PACKER 2026/02/09 19:55:32 packer-plugin-azure_v2.5.1_x5.0_linux_amd64 plugin: 2026/02/09 19:55:32 [DEBUG] GET https://management.azure.com/subscriptions/30c8d9eb-366e-4d2c-a723-95bc688f7c97/resourcegroups/IT_rg-avd-aib-use2-1770666349_win10-22h2-av_3934a6b0-33f7-49ba-b58d-1f59cdda2c5e/providers/Microsoft.Resources/deployments/pkrdplvwwnij11v/operationStatuses/08584309400649264673?[REDACTED]
[5ebc20d8-8907-4f02-8396-e310b26091b4] PACKER 2026/02/09 19:55:42 packer-plugin-azure_v2.5.1_x5.0_linux_amd64 plugin: 2026/02/09 19:55:42 [DEBUG] GET https://management.azure.com/subscriptions/30c8d9eb-366e-4d2c-a723-95bc688f7c97/resourcegroups/IT_rg-avd-aib-use2-1770666349_win10-22h2-av_3934a6b0-33f7-49ba-b58d-1f59cdda2c5e/providers/Microsoft.Resources/deployments/pkrdplvwwnij11v/operationStatuses/08584309400649264673?[REDACTED]
[5ebc20d8-8907-4f02-8396-e310b26091b4] PACKER 2026/02/09 19:55:53 packer-plugin-azure_v2.5.1_x5.0_linux_amd64 plugin: 2026/02/09 19:55:53 [DEBUG] GET https://management.azure.com/subscriptions/30c8d9eb-366e-4d2c-a723-95bc688f7c97/resourcegroups/IT_rg-avd-aib-use2-1770666349_win10-22h2-av_3934a6b0-33f7-49ba-b58d-1f59cdda2c5e/providers/Microsoft.Resources/deployments/pkrdplvwwnij11v/operationStatuses/08584309400649264673?[REDACTED]
[5ebc20d8-8907-4f02-8396-e310b26091b4] PACKER 2026/02/09 19:56:03 packer-plugin-azure_v2.5.1_x5.0_linux_amd64 plugin: 2026/02/09 19:56:03 [DEBUG] GET https://management.azure.com/subscriptions/30c8d9eb-366e-4d2c-a723-95bc688f7c97/resourcegroups/IT_rg-avd-aib-use2-1770666349_win10-22h2-av_3934a6b0-33f7-49ba-b58d-1f59cdda2c5e/providers/Microsoft.Resources/deployments/pkrdplvwwnij11v/operationStatuses/08584309400649264673?[REDACTED]
[5ebc20d8-8907-4f02-8396-e310b26091b4] PACKER 2026/02/09 19:56:13 packer-plugin-azure_v2.5.1_x5.0_linux_amd64 plugin: 2026/02/09 19:56:13 [DEBUG] GET https://management.azure.com/subscriptions/30c8d9eb-366e-4d2c-a723-95bc688f7c97/resourcegroups/IT_rg-avd-aib-use2-1770666349_win10-22h2-av_3934a6b0-33f7-49ba-b58d-1f59cdda2c5e/providers/Microsoft.Resources/deployments/pkrdplvwwnij11v/operationStatuses/08584309400649264673?[REDACTED]
[5ebc20d8-8907-4f02-8396-e310b26091b4] PACKER 2026/02/09 19:56:23 packer-plugin-azure_v2.5.1_x5.0_linux_amd64 plugin: 2026/02/09 19:56:23 [DEBUG] GET https://management.azure.com/subscriptions/30c8d9eb-366e-4d2c-a723-95bc688f7c97/resourcegroups/IT_rg-avd-aib-use2-1770666349_win10-22h2-av_3934a6b0-33f7-49ba-b58d-1f59cdda2c5e/providers/Microsoft.Resources/deployments/pkrdplvwwnij11v/operationStatuses/08584309400649264673?[REDACTED]
[5ebc20d8-8907-4f02-8396-e310b26091b4] PACKER 2026/02/09 19:56:33 packer-plugin-azure_v2.5.1_x5.0_linux_amd64 plugin: 2026/02/09 19:56:33 [DEBUG] GET https://management.azure.com/subscriptions/30c8d9eb-366e-4d2c-a723-95bc688f7c97/resourcegroups/IT_rg-avd-aib-use2-1770666349_win10-22h2-av_3934a6b0-33f7-49ba-b58d-1f59cdda2c5e/providers/Microsoft.Resources/deployments/pkrdplvwwnij11v/operationStatuses/08584309400649264673?[REDACTED]
[5ebc20d8-8907-4f02-8396-e310b26091b4] PACKER 2026/02/09 19:56:43 packer-plugin-azure_v2.5.1_x5.0_linux_amd64 plugin: 2026/02/09 19:56:43 [DEBUG] GET https://management.azure.com/subscriptions/30c8d9eb-366e-4d2c-a723-95bc688f7c97/resourcegroups/IT_rg-avd-aib-use2-1770666349_win10-22h2-av_3934a6b0-33f7-49ba-b58d-1f59cdda2c5e/providers/Microsoft.Resources/deployments/pkrdplvwwnij11v/operationStatuses/08584309400649264673?[REDACTED]
[5ebc20d8-8907-4f02-8396-e310b26091b4] PACKER 2026/02/09 19:56:54 packer-plugin-azure_v2.5.1_x5.0_linux_amd64 plugin: 2026/02/09 19:56:54 [DEBUG] GET https://management.azure.com/subscriptions/30c8d9eb-366e-4d2c-a723-95bc688f7c97/resourcegroups/IT_rg-avd-aib-use2-1770666349_win10-22h2-av_3934a6b0-33f7-49ba-b58d-1f59cdda2c5e/providers/Microsoft.Resources/deployments/pkrdplvwwnij11v/operationStatuses/08584309400649264673?[REDACTED]
[5ebc20d8-8907-4f02-8396-e310b26091b4] PACKER 2026/02/09 19:57:04 packer-plugin-azure_v2.5.1_x5.0_linux_amd64 plugin: 2026/02/09 19:57:04 [DEBUG] GET https://management.azure.com/subscriptions/30c8d9eb-366e-4d2c-a723-95bc688f7c97/resourcegroups/IT_rg-avd-aib-use2-1770666349_win10-22h2-av_3934a6b0-33f7-49ba-b58d-1f59cdda2c5e/providers/Microsoft.Resources/deployments/pkrdplvwwnij11v/operationStatuses/08584309400649264673?[REDACTED]
[5ebc20d8-8907-4f02-8396-e310b26091b4] PACKER 2026/02/09 19:57:14 packer-plugin-azure_v2.5.1_x5.0_linux_amd64 plugin: 2026/02/09 19:57:14 [DEBUG] GET https://management.azure.com/subscriptions/30c8d9eb-366e-4d2c-a723-95bc688f7c97/resourcegroups/IT_rg-avd-aib-use2-1770666349_win10-22h2-av_3934a6b0-33f7-49ba-b58d-1f59cdda2c5e/providers/Microsoft.Resources/deployments/pkrdplvwwnij11v/operationStatuses/08584309400649264673?[REDACTED]
[5ebc20d8-8907-4f02-8396-e310b26091b4] PACKER 2026/02/09 19:57:24 packer-plugin-azure_v2.5.1_x5.0_linux_amd64 plugin: 2026/02/09 19:57:24 [DEBUG] GET https://management.azure.com/subscriptions/30c8d9eb-366e-4d2c-a723-95bc688f7c97/resourcegroups/IT_rg-avd-aib-use2-1770666349_win10-22h2-av_3934a6b0-33f7-49ba-b58d-1f59cdda2c5e/providers/Microsoft.Resources/deployments/pkrdplvwwnij11v/operationStatuses/08584309400649264673?[REDACTED]
[5ebc20d8-8907-4f02-8396-e310b26091b4] PACKER 2026/02/09 19:57:35 packer-plugin-azure_v2.5.1_x5.0_linux_amd64 plugin: 2026/02/09 19:57:35 [DEBUG] GET https://management.azure.com/subscriptions/30c8d9eb-366e-4d2c-a723-95bc688f7c97/resourcegroups/IT_rg-avd-aib-use2-1770666349_win10-22h2-av_3934a6b0-33f7-49ba-b58d-1f59cdda2c5e/providers/Microsoft.Resources/deployments/pkrdplvwwnij11v/operationStatuses/08584309400649264673?[REDACTED]
[5ebc20d8-8907-4f02-8396-e310b26091b4] PACKER 2026/02/09 19:57:45 packer-plugin-azure_v2.5.1_x5.0_linux_amd64 plugin: 2026/02/09 19:57:45 [DEBUG] GET https://management.azure.com/subscriptions/30c8d9eb-366e-4d2c-a723-95bc688f7c97/resourcegroups/IT_rg-avd-aib-use2-1770666349_win10-22h2-av_3934a6b0-33f7-49ba-b58d-1f59cdda2c5e/providers/Microsoft.Resources/deployments/pkrdplvwwnij11v/operationStatuses/08584309400649264673?[REDACTED]
[5ebc20d8-8907-4f02-8396-e310b26091b4] PACKER 2026/02/09 19:57:55 packer-plugin-azure_v2.5.1_x5.0_linux_amd64 plugin: 2026/02/09 19:57:55 [DEBUG] GET https://management.azure.com/subscriptions/30c8d9eb-366e-4d2c-a723-95bc688f7c97/resourcegroups/IT_rg-avd-aib-use2-1770666349_win10-22h2-av_3934a6b0-33f7-49ba-b58d-1f59cdda2c5e/providers/Microsoft.Resources/deployments/pkrdplvwwnij11v/operationStatuses/08584309400649264673?[REDACTED]
[5ebc20d8-8907-4f02-8396-e310b26091b4] PACKER 2026/02/09 19:57:55 ui: ==> azure-arm: Getting the VM's IP address ...
[5ebc20d8-8907-4f02-8396-e310b26091b4] PACKER 2026/02/09 19:57:55 ui: ==> azure-arm:  -> ResourceGroupName   : 'IT_rg-avd-aib-use2-1770666349_win10-22h2-av_3934a6b0-33f7-49ba-b58d-1f59cdda2c5e'
[5ebc20d8-8907-4f02-8396-e310b26091b4] PACKER 2026/02/09 19:57:55 ui: ==> azure-arm:  -> PublicIPAddressName : 'pkriplvwwnij11v'
[5ebc20d8-8907-4f02-8396-e310b26091b4] PACKER 2026/02/09 19:57:55 ui: ==> azure-arm:  -> NicName             : 'pkrnilvwwnij11v'
[5ebc20d8-8907-4f02-8396-e310b26091b4] PACKER 2026/02/09 19:57:55 ui: ==> azure-arm:  -> Network Connection  : 'PrivateEndpoint'
[5ebc20d8-8907-4f02-8396-e310b26091b4] PACKER 2026/02/09 19:57:55 packer-plugin-azure_v2.5.1_x5.0_linux_amd64 plugin: 2026/02/09 19:57:55 [DEBUG] GET https://management.azure.com/subscriptions/30c8d9eb-366e-4d2c-a723-95bc688f7c97/resourceGroups/IT_rg-avd-aib-use2-1770666349_win10-22h2-av_3934a6b0-33f7-49ba-b58d-1f59cdda2c5e/providers/Microsoft.Network/networkInterfaces/pkrnilvwwnij11v?[REDACTED]
[5ebc20d8-8907-4f02-8396-e310b26091b4] PACKER 2026/02/09 19:57:55 ui: ==> azure-arm:  -> IP Address          : '10.0.1.4'
[5ebc20d8-8907-4f02-8396-e310b26091b4] PACKER 2026/02/09 19:57:55 packer-plugin-azure_v2.5.1_x5.0_linux_amd64 plugin: 2026/02/09 19:57:55 Waiting for WinRM, up to timeout: 30m0s
[5ebc20d8-8907-4f02-8396-e310b26091b4] PACKER 2026/02/09 19:57:55 ui: ==> azure-arm: Waiting for WinRM to become available...
[5ebc20d8-8907-4f02-8396-e310b26091b4] PACKER 2026/02/09 19:57:55 packer-plugin-azure_v2.5.1_x5.0_linux_amd64 plugin: 2026/02/09 19:57:55 [INFO] Attempting WinRM connection...
[5ebc20d8-8907-4f02-8396-e310b26091b4] PACKER 2026/02/09 19:57:55 packer-plugin-azure_v2.5.1_x5.0_linux_amd64 plugin: 2026/02/09 19:57:55 [DEBUG] connecting to remote shell using WinRM
[5ebc20d8-8907-4f02-8396-e310b26091b4] PACKER 2026/02/09 19:58:04 packer-plugin-azure_v2.5.1_x5.0_linux_amd64 plugin: 2026/02/09 19:58:04 Checking that WinRM is connected with: 'powershell.exe -EncodedCommand JABQAHIAbwBnAHIAZQBzAHMAUAByAGUAZgBlAHIAZQBuAGMAZQAgAD0AIAAnAFMAaQBsAGUAbgB0AGwAeQBDAG8AbgB0AGkAbgB1AGUAJwA7AGkAZgAgACgAVABlAHMAdAAtAFAAYQB0AGgAIAB2AGEAcgBpAGEAYgBsAGUAOgBnAGwAbwBiAGEAbAA6AFAAcgBvAGcAcgBlAHMAcwBQAHIAZQBmAGUAcgBlAG4AYwBlACkAewAkAFAAcgBvAGcAcgBlAHMAcwBQAHIAZQBmAGUAcgBlAG4AYwBlAD0AJwBTAGkAbABlAG4AdABsAHkAQwBvAG4AdABpAG4AdQBlACcAfQA7ACAAZQBjAGgAbwAgACIAVwBpAG4AUgBNACAAYwBvAG4AbgBlAGMAdABlAGQALgAiAA=='
[5ebc20d8-8907-4f02-8396-e310b26091b4] PACKER 2026/02/09 19:58:04 packer-plugin-azure_v2.5.1_x5.0_linux_amd64 plugin: 2026/02/09 19:58:04 [INFO] starting remote command: powershell.exe -EncodedCommand JABQAHIAbwBnAHIAZQBzAHMAUAByAGUAZgBlAHIAZQBuAGMAZQAgAD0AIAAnAFMAaQBsAGUAbgB0AGwAeQBDAG8AbgB0AGkAbgB1AGUAJwA7AGkAZgAgACgAVABlAHMAdAAtAFAAYQB0AGgAIAB2AGEAcgBpAGEAYgBsAGUAOgBnAGwAbwBiAGEAbAA6AFAAcgBvAGcAcgBlAHMAcwBQAHIAZQBmAGUAcgBlAG4AYwBlACkAewAkAFAAcgBvAGcAcgBlAHMAcwBQAHIAZQBmAGUAcgBlAG4AYwBlAD0AJwBTAGkAbABlAG4AdABsAHkAQwBvAG4AdABpAG4AdQBlACcAfQA7ACAAZQBjAGgAbwAgACIAVwBpAG4AUgBNACAAYwBvAG4AbgBlAGMAdABlAGQALgAiAA==
[5ebc20d8-8907-4f02-8396-e310b26091b4] PACKER 2026/02/09 19:58:05 ui: ==> azure-arm: WinRM connected.
[5ebc20d8-8907-4f02-8396-e310b26091b4] PACKER 2026/02/09 19:58:05 packer-plugin-azure_v2.5.1_x5.0_linux_amd64 plugin: 2026/02/09 19:58:05 [INFO] command 'powershell.exe -EncodedCommand JABQAHIAbwBnAHIAZQBzAHMAUAByAGUAZgBlAHIAZQBuAGMAZQAgAD0AIAAnAFMAaQBsAGUAbgB0AGwAeQBDAG8AbgB0AGkAbgB1AGUAJwA7AGkAZgAgACgAVABlAHMAdAAtAFAAYQB0AGgAIAB2AGEAcgBpAGEAYgBsAGUAOgBnAGwAbwBiAGEAbAA6AFAAcgBvAGcAcgBlAHMAcwBQAHIAZQBmAGUAcgBlAG4AYwBlACkAewAkAFAAcgBvAGcAcgBlAHMAcwBQAHIAZQBmAGUAcgBlAG4AYwBlAD0AJwBTAGkAbABlAG4AdABsAHkAQwBvAG4AdABpAG4AdQBlACcAfQA7ACAAZQBjAGgAbwAgACIAVwBpAG4AUgBNACAAYwBvAG4AbgBlAGMAdABlAGQALgAiAA==' exited with code: 0
[5ebc20d8-8907-4f02-8396-e310b26091b4] PACKER 2026/02/09 19:58:05 packer-plugin-azure_v2.5.1_x5.0_linux_amd64 plugin: 2026/02/09 19:58:05 Connected to machine
[5ebc20d8-8907-4f02-8396-e310b26091b4] PACKER 2026/02/09 19:58:05 ui: ==> azure-arm: Connected to WinRM!
[5ebc20d8-8907-4f02-8396-e310b26091b4] PACKER 2026/02/09 19:58:05 packer-plugin-azure_v2.5.1_x5.0_linux_amd64 plugin: 2026/02/09 19:58:05 Running the provision hook
[5ebc20d8-8907-4f02-8396-e310b26091b4] PACKER 2026/02/09 19:58:05 ui: ==> azure-arm: Uploading /aib/packerInput/DeprovisioningScript.txt => c:\DeprovisioningScript.ps1
[5ebc20d8-8907-4f02-8396-e310b26091b4] PACKER 2026/02/09 19:58:05 packer-plugin-azure_v2.5.1_x5.0_linux_amd64 plugin: 2026/02/09 19:58:05 Uploading file to 'c:\DeprovisioningScript.ps1'
[5ebc20d8-8907-4f02-8396-e310b26091b4] PACKER 2026/02/09 19:58:05 packer-provisioner-file plugin: [INFO] 1288 bytes written for 'uploadData'
[5ebc20d8-8907-4f02-8396-e310b26091b4] PACKER 2026/02/09 19:58:05 [INFO] 1288 bytes written for 'uploadData'
[5ebc20d8-8907-4f02-8396-e310b26091b4] PACKER 2026/02/09 19:58:06 packer-provisioner-file plugin: closing
[5ebc20d8-8907-4f02-8396-e310b26091b4] PACKER 2026/02/09 19:58:06 closing
[5ebc20d8-8907-4f02-8396-e310b26091b4] PACKER 2026/02/09 19:58:06 packer-plugin-azure_v2.5.1_x5.0_linux_amd64 plugin: 2026/02/09 19:58:06 closing
[5ebc20d8-8907-4f02-8396-e310b26091b4] PACKER 2026/02/09 19:58:06 ui: ==> azure-arm: Provisioning with Powershell...
[5ebc20d8-8907-4f02-8396-e310b26091b4] PACKER 2026/02/09 19:58:06 ui: ==> azure-arm: Provisioning with powershell script: /aib/packerInput/script_0
[5ebc20d8-8907-4f02-8396-e310b26091b4] PACKER 2026/02/09 19:58:06 packer-provisioner-powershell plugin: Opening /aib/packerInput/script_0 for reading
[5ebc20d8-8907-4f02-8396-e310b26091b4] PACKER 2026/02/09 19:58:06 packer-provisioner-powershell plugin: Uploading env vars to c:/Windows/Temp/packer-ps-env-vars-698a3b21-c719-eb96-c46e-3d54f059f647.ps1
[5ebc20d8-8907-4f02-8396-e310b26091b4] PACKER 2026/02/09 19:58:06 packer-provisioner-powershell plugin: [INFO] 74 bytes written for 'uploadData'
[5ebc20d8-8907-4f02-8396-e310b26091b4] PACKER 2026/02/09 19:58:06 [INFO] 74 bytes written for 'uploadData'
[5ebc20d8-8907-4f02-8396-e310b26091b4] PACKER 2026/02/09 19:58:06 packer-plugin-azure_v2.5.1_x5.0_linux_amd64 plugin: 2026/02/09 19:58:06 Uploading file to 'c:/Windows/Temp/packer-ps-env-vars-698a3b21-c719-eb96-c46e-3d54f059f647.ps1'
[5ebc20d8-8907-4f02-8396-e310b26091b4] PACKER 2026/02/09 19:58:07 packer-provisioner-powershell plugin: Building elevated command wrapper for: powershell -executionpolicy bypass "& { if (Test-Path variable:global:ProgressPreference){set-variable -name variable:global:ProgressPreference -value 'SilentlyContinue'};. c:/Windows/Temp/packer-ps-env-vars-698a3b21-c719-eb96-c46e-3d54f059f647.ps1; &'c:/Windows/Temp/script-698a3b21-c7f6-4380-1073-7d05dec808ef.ps1'; exit $LastExitCode }"
[5ebc20d8-8907-4f02-8396-e310b26091b4] PACKER 2026/02/09 19:58:07 packer-provisioner-powershell plugin: Command [powershell -executionpolicy bypass "& { if (Test-Path variable:global:ProgressPreference){set-variable -name variable:global:ProgressPreference -value 'SilentlyContinue'};. c:/Windows/Temp/packer-ps-env-vars-698a3b21-c719-eb96-c46e-3d54f059f647.ps1; &'c:/Windows/Temp/script-698a3b21-c7f6-4380-1073-7d05dec808ef.ps1'; exit $LastExitCode }" > %SYSTEMROOT%/Temp/packer-698a3c4f-e834-3368-6e9d-53240e3c0d34.out 2>&1] converted to [powershell -executionpolicy bypass &#34;&amp; { if (Test-Path variable:global:ProgressPreference){set-variable -name variable:global:ProgressPreference -value &#39;SilentlyContinue&#39;};. c:/Windows/Temp/packer-ps-env-vars-698a3b21-c719-eb96-c46e-3d54f059f647.ps1; &amp;&#39;c:/Windows/Temp/script-698a3b21-c7f6-4380-1073-7d05dec808ef.ps1&#39;; exit $LastExitCode }&#34; &gt; %SYSTEMROOT%/Temp/packer-698a3c4f-e834-3368-6e9d-53240e3c0d34.out 2&gt;&amp;1] for use in XML string
[5ebc20d8-8907-4f02-8396-e310b26091b4] PACKER 2026/02/09 19:58:07 packer-provisioner-powershell plugin: Uploading elevated shell wrapper for command [powershell -executionpolicy bypass "& { if (Test-Path variable:global:ProgressPreference){set-variable -name variable:global:ProgressPreference -value 'SilentlyContinue'};. c:/Windows/Temp/packer-ps-env-vars-698a3b21-c719-eb96-c46e-3d54f059f647.ps1; &'c:/Windows/Temp/script-698a3b21-c7f6-4380-1073-7d05dec808ef.ps1'; exit $LastExitCode }" > %SYSTEMROOT%/Temp/packer-698a3c4f-e834-3368-6e9d-53240e3c0d34.out 2>&1] to [C:/Windows/Temp/packer-elevated-shell-698a3c4f-025c-5673-b255-bb914bc013f2.ps1]
[5ebc20d8-8907-4f02-8396-e310b26091b4] PACKER 2026/02/09 19:58:07 packer-provisioner-powershell plugin: [INFO] 3490 bytes written for 'uploadData'
[5ebc20d8-8907-4f02-8396-e310b26091b4] PACKER 2026/02/09 19:58:07 [INFO] 3490 bytes written for 'uploadData'
[5ebc20d8-8907-4f02-8396-e310b26091b4] PACKER 2026/02/09 19:58:07 packer-plugin-azure_v2.5.1_x5.0_linux_amd64 plugin: 2026/02/09 19:58:07 Uploading file to 'C:/Windows/Temp/packer-elevated-shell-698a3c4f-025c-5673-b255-bb914bc013f2.ps1'
[5ebc20d8-8907-4f02-8396-e310b26091b4] PACKER 2026/02/09 19:58:08 packer-plugin-azure_v2.5.1_x5.0_linux_amd64 plugin: 2026/02/09 19:58:08 Uploading file to 'c:/Windows/Temp/script-698a3b21-c7f6-4380-1073-7d05dec808ef.ps1'
[5ebc20d8-8907-4f02-8396-e310b26091b4] PACKER 2026/02/09 19:58:08 packer-provisioner-powershell plugin: [INFO] 1166 bytes written for 'uploadData'
[5ebc20d8-8907-4f02-8396-e310b26091b4] PACKER 2026/02/09 19:58:08 [INFO] 1166 bytes written for 'uploadData'
[5ebc20d8-8907-4f02-8396-e310b26091b4] PACKER 2026/02/09 19:58:08 packer-plugin-azure_v2.5.1_x5.0_linux_amd64 plugin: 2026/02/09 19:58:08 [INFO] starting remote command: powershell -executionpolicy bypass -file "C:/Windows/Temp/packer-elevated-shell-698a3c4f-025c-5673-b255-bb914bc013f2.ps1"
[5ebc20d8-8907-4f02-8396-e310b26091b4] PACKER 2026/02/09 19:58:10 ui: ==> azure-arm: *** AVD AIB CUSTOMIZER PHASE: Timezone redirection ***
[5ebc20d8-8907-4f02-8396-e310b26091b4] PACKER 2026/02/09 19:58:10 ui: ==> azure-arm: *** AVD AIB CUSTOMIZER PHASE: Timezone redirection -  Exit Code:  ***
[5ebc20d8-8907-4f02-8396-e310b26091b4] PACKER 2026/02/09 19:58:10 packer-plugin-azure_v2.5.1_x5.0_linux_amd64 plugin: 2026/02/09 19:58:10 [INFO] command 'powershell -executionpolicy bypass -file "C:/Windows/Temp/packer-elevated-shell-698a3c4f-025c-5673-b255-bb914bc013f2.ps1"' exited with code: 0
[5ebc20d8-8907-4f02-8396-e310b26091b4] PACKER 2026/02/09 19:58:10 packer-plugin-azure_v2.5.1_x5.0_linux_amd64 plugin: 2026/02/09 19:58:10 [INFO] RPC endpoint: Communicator ended with: 0
[5ebc20d8-8907-4f02-8396-e310b26091b4] PACKER 2026/02/09 19:58:10 [INFO] 214 bytes written for 'stdout'
[5ebc20d8-8907-4f02-8396-e310b26091b4] PACKER 2026/02/09 19:58:10 [INFO] 0 bytes written for 'stderr'
[5ebc20d8-8907-4f02-8396-e310b26091b4] PACKER 2026/02/09 19:58:10 [INFO] RPC client: Communicator ended with: 0
[5ebc20d8-8907-4f02-8396-e310b26091b4] PACKER 2026/02/09 19:58:10 [INFO] RPC endpoint: Communicator ended with: 0
[5ebc20d8-8907-4f02-8396-e310b26091b4] PACKER 2026/02/09 19:58:10 ui: ==> azure-arm: *** AVD AIB CUSTOMIZER PHASE: Timezone redirection - Time taken: 00:00:00.0140650 ***
[5ebc20d8-8907-4f02-8396-e310b26091b4] PACKER 2026/02/09 19:58:10 packer-provisioner-powershell plugin: [INFO] 0 bytes written for 'stderr'
[5ebc20d8-8907-4f02-8396-e310b26091b4] PACKER 2026/02/09 19:58:10 packer-provisioner-powershell plugin: [INFO] 214 bytes written for 'stdout'
[5ebc20d8-8907-4f02-8396-e310b26091b4] PACKER 2026/02/09 19:58:10 packer-provisioner-powershell plugin: [INFO] RPC client: Communicator ended with: 0
[5ebc20d8-8907-4f02-8396-e310b26091b4] PACKER 2026/02/09 19:58:10 packer-provisioner-powershell plugin: c:/Windows/Temp/script-698a3b21-c7f6-4380-1073-7d05dec808ef.ps1 returned with exit code 0
[5ebc20d8-8907-4f02-8396-e310b26091b4] PACKER 2026/02/09 19:58:10 packer-provisioner-powershell plugin: [INFO] 511 bytes written for 'uploadData'
[5ebc20d8-8907-4f02-8396-e310b26091b4] PACKER 2026/02/09 19:58:10 [INFO] 511 bytes written for 'uploadData'
[5ebc20d8-8907-4f02-8396-e310b26091b4] PACKER 2026/02/09 19:58:10 packer-plugin-azure_v2.5.1_x5.0_linux_amd64 plugin: 2026/02/09 19:58:10 Uploading file to 'c:/Windows/Temp/packer-cleanup-698a3b21-820d-5527-7c63-e3b5a913974b.ps1'
[5ebc20d8-8907-4f02-8396-e310b26091b4] PACKER 2026/02/09 19:58:11 packer-plugin-azure_v2.5.1_x5.0_linux_amd64 plugin: 2026/02/09 19:58:11 [INFO] starting remote command: powershell -executionpolicy bypass "& { if (Test-Path variable:global:ProgressPreference){set-variable -name variable:global:ProgressPreference -value 'SilentlyContinue'};. c:/Windows/Temp/packer-ps-env-vars-698a3b21-c719-eb96-c46e-3d54f059f647.ps1; &'c:/Windows/Temp/packer-cleanup-698a3b21-820d-5527-7c63-e3b5a913974b.ps1'; exit $LastExitCode }"
[5ebc20d8-8907-4f02-8396-e310b26091b4] PACKER 2026/02/09 19:58:11 packer-plugin-azure_v2.5.1_x5.0_linux_amd64 plugin: 2026/02/09 19:58:11 [INFO] command 'powershell -executionpolicy bypass "& { if (Test-Path variable:global:ProgressPreference){set-variable -name variable:global:ProgressPreference -value 'SilentlyContinue'};. c:/Windows/Temp/packer-ps-env-vars-698a3b21-c719-eb96-c46e-3d54f059f647.ps1; &'c:/Windows/Temp/packer-cleanup-698a3b21-820d-5527-7c63-e3b5a913974b.ps1'; exit $LastExitCode }"' exited with code: 1
[5ebc20d8-8907-4f02-8396-e310b26091b4] PACKER 2026/02/09 19:58:11 [INFO] 0 bytes written for 'stdout'
[5ebc20d8-8907-4f02-8396-e310b26091b4] PACKER 2026/02/09 19:58:11 [INFO] 0 bytes written for 'stderr'
[5ebc20d8-8907-4f02-8396-e310b26091b4] PACKER 2026/02/09 19:58:11 packer-provisioner-powershell plugin: [INFO] 0 bytes written for 'stdout'
[5ebc20d8-8907-4f02-8396-e310b26091b4] PACKER 2026/02/09 19:58:11 packer-provisioner-powershell plugin: [INFO] 0 bytes written for 'stderr'
[5ebc20d8-8907-4f02-8396-e310b26091b4] PACKER 2026/02/09 19:58:11 packer-provisioner-powershell plugin: Retryable error: received error response
[5ebc20d8-8907-4f02-8396-e310b26091b4] PACKER 2026/02/09 19:58:21 packer-provisioner-powershell plugin: [INFO] 511 bytes written for 'uploadData'
[5ebc20d8-8907-4f02-8396-e310b26091b4] PACKER 2026/02/09 19:58:21 [INFO] 511 bytes written for 'uploadData'
[5ebc20d8-8907-4f02-8396-e310b26091b4] PACKER 2026/02/09 19:58:21 packer-plugin-azure_v2.5.1_x5.0_linux_amd64 plugin: 2026/02/09 19:58:21 Uploading file to 'c:/Windows/Temp/packer-cleanup-698a3b21-820d-5527-7c63-e3b5a913974b.ps1'
[5ebc20d8-8907-4f02-8396-e310b26091b4] PACKER 2026/02/09 19:58:22 packer-plugin-azure_v2.5.1_x5.0_linux_amd64 plugin: 2026/02/09 19:58:22 [INFO] starting remote command: powershell -executionpolicy bypass "& { if (Test-Path variable:global:ProgressPreference){set-variable -name variable:global:ProgressPreference -value 'SilentlyContinue'};. c:/Windows/Temp/packer-ps-env-vars-698a3b21-c719-eb96-c46e-3d54f059f647.ps1; &'c:/Windows/Temp/packer-cleanup-698a3b21-820d-5527-7c63-e3b5a913974b.ps1'; exit $LastExitCode }"
[5ebc20d8-8907-4f02-8396-e310b26091b4] PACKER 2026/02/09 19:58:22 packer-plugin-azure_v2.5.1_x5.0_linux_amd64 plugin: 2026/02/09 19:58:22 [INFO] command 'powershell -executionpolicy bypass "& { if (Test-Path variable:global:ProgressPreference){set-variable -name variable:global:ProgressPreference -value 'SilentlyContinue'};. c:/Windows/Temp/packer-ps-env-vars-698a3b21-c719-eb96-c46e-3d54f059f647.ps1; &'c:/Windows/Temp/packer-cleanup-698a3b21-820d-5527-7c63-e3b5a913974b.ps1'; exit $LastExitCode }"' exited with code: 0
[5ebc20d8-8907-4f02-8396-e310b26091b4] PACKER 2026/02/09 19:58:22 packer-plugin-azure_v2.5.1_x5.0_linux_amd64 plugin: 2026/02/09 19:58:22 [INFO] RPC endpoint: Communicator ended with: 0
[5ebc20d8-8907-4f02-8396-e310b26091b4] PACKER 2026/02/09 19:58:22 [INFO] 0 bytes written for 'stdout'
[5ebc20d8-8907-4f02-8396-e310b26091b4] PACKER 2026/02/09 19:58:22 [INFO] 0 bytes written for 'stderr'
[5ebc20d8-8907-4f02-8396-e310b26091b4] PACKER 2026/02/09 19:58:22 [INFO] RPC client: Communicator ended with: 0
[5ebc20d8-8907-4f02-8396-e310b26091b4] PACKER 2026/02/09 19:58:22 [INFO] RPC endpoint: Communicator ended with: 0
[5ebc20d8-8907-4f02-8396-e310b26091b4] PACKER 2026/02/09 19:58:22 packer-provisioner-powershell plugin: [INFO] 0 bytes written for 'stdout'
[5ebc20d8-8907-4f02-8396-e310b26091b4] PACKER 2026/02/09 19:58:22 packer-provisioner-powershell plugin: [INFO] 0 bytes written for 'stderr'
[5ebc20d8-8907-4f02-8396-e310b26091b4] PACKER 2026/02/09 19:58:22 packer-provisioner-powershell plugin: [INFO] RPC client: Communicator ended with: 0
[5ebc20d8-8907-4f02-8396-e310b26091b4] PACKER 2026/02/09 19:58:22 ui: ==> azure-arm: Uploading /aib/packerInput/script_1 => C:\AVDImage\Install-ESU.ps1
[5ebc20d8-8907-4f02-8396-e310b26091b4] PACKER 2026/02/09 19:58:22 packer-plugin-azure_v2.5.1_x5.0_linux_amd64 plugin: 2026/02/09 19:58:22 Uploading file to 'C:\AVDImage\Install-ESU.ps1'
[5ebc20d8-8907-4f02-8396-e310b26091b4] PACKER 2026/02/09 19:58:22 [INFO] 6826 bytes written for 'uploadData'
[5ebc20d8-8907-4f02-8396-e310b26091b4] PACKER 2026/02/09 19:58:22 packer-provisioner-file plugin: [INFO] 6826 bytes written for 'uploadData'
[5ebc20d8-8907-4f02-8396-e310b26091b4] PACKER 2026/02/09 19:58:23 packer-provisioner-file plugin: closing
[5ebc20d8-8907-4f02-8396-e310b26091b4] PACKER 2026/02/09 19:58:23 closing
[5ebc20d8-8907-4f02-8396-e310b26091b4] PACKER 2026/02/09 19:58:23 packer-plugin-azure_v2.5.1_x5.0_linux_amd64 plugin: 2026/02/09 19:58:23 closing
[5ebc20d8-8907-4f02-8396-e310b26091b4] PACKER 2026/02/09 19:58:23 ui: ==> azure-arm: Provisioning with Powershell...
[5ebc20d8-8907-4f02-8396-e310b26091b4] PACKER 2026/02/09 19:58:23 packer-provisioner-powershell plugin: Found command: C:\AVDImage\Install-ESU.ps1 -MAKKey "MY398-4BN4D-4WG67-QD68H-6X32J" -Year "1"
[5ebc20d8-8907-4f02-8396-e310b26091b4] PACKER 2026/02/09 19:58:23 packer-provisioner-powershell plugin: Writing PowerShell script to file: /tmp/powershell-provisioner608486175
[5ebc20d8-8907-4f02-8396-e310b26091b4] PACKER 2026/02/09 19:58:23 ui: ==> azure-arm: Provisioning with powershell script: /tmp/powershell-provisioner608486175
[5ebc20d8-8907-4f02-8396-e310b26091b4] PACKER 2026/02/09 19:58:23 packer-provisioner-powershell plugin: Opening /tmp/powershell-provisioner608486175 for reading
[5ebc20d8-8907-4f02-8396-e310b26091b4] PACKER 2026/02/09 19:58:23 packer-provisioner-powershell plugin: Uploading env vars to c:/Windows/Temp/packer-ps-env-vars-698a3b21-6835-7fd4-2224-8d127956810c.ps1
[5ebc20d8-8907-4f02-8396-e310b26091b4] PACKER 2026/02/09 19:58:23 packer-provisioner-powershell plugin: [INFO] 74 bytes written for 'uploadData'
[5ebc20d8-8907-4f02-8396-e310b26091b4] PACKER 2026/02/09 19:58:23 [INFO] 74 bytes written for 'uploadData'
[5ebc20d8-8907-4f02-8396-e310b26091b4] PACKER 2026/02/09 19:58:23 packer-plugin-azure_v2.5.1_x5.0_linux_amd64 plugin: 2026/02/09 19:58:23 Uploading file to 'c:/Windows/Temp/packer-ps-env-vars-698a3b21-6835-7fd4-2224-8d127956810c.ps1'
[5ebc20d8-8907-4f02-8396-e310b26091b4] PACKER 2026/02/09 19:58:24 packer-provisioner-powershell plugin: Building elevated command wrapper for: powershell -executionpolicy bypass -file c:/Windows/Temp/script-698a3b21-1ada-ae06-3076-92dc54ffd268.ps1
[5ebc20d8-8907-4f02-8396-e310b26091b4] PACKER 2026/02/09 19:58:24 packer-provisioner-powershell plugin: Command [powershell -executionpolicy bypass -file c:/Windows/Temp/script-698a3b21-1ada-ae06-3076-92dc54ffd268.ps1 > %SYSTEMROOT%/Temp/packer-698a3c60-7420-8e4f-353f-7e97ed6e272d.out 2>&1] converted to [powershell -executionpolicy bypass -file c:/Windows/Temp/script-698a3b21-1ada-ae06-3076-92dc54ffd268.ps1 &gt; %SYSTEMROOT%/Temp/packer-698a3c60-7420-8e4f-353f-7e97ed6e272d.out 2&gt;&amp;1] for use in XML string
[5ebc20d8-8907-4f02-8396-e310b26091b4] PACKER 2026/02/09 19:58:24 packer-provisioner-powershell plugin: Uploading elevated shell wrapper for command [powershell -executionpolicy bypass -file c:/Windows/Temp/script-698a3b21-1ada-ae06-3076-92dc54ffd268.ps1 > %SYSTEMROOT%/Temp/packer-698a3c60-7420-8e4f-353f-7e97ed6e272d.out 2>&1] to [C:/Windows/Temp/packer-elevated-shell-698a3c60-0a9d-7406-7919-6294a5188fc8.ps1]
[5ebc20d8-8907-4f02-8396-e310b26091b4] PACKER 2026/02/09 19:58:24 packer-provisioner-powershell plugin: [INFO] 3223 bytes written for 'uploadData'
[5ebc20d8-8907-4f02-8396-e310b26091b4] PACKER 2026/02/09 19:58:24 [INFO] 3223 bytes written for 'uploadData'
[5ebc20d8-8907-4f02-8396-e310b26091b4] PACKER 2026/02/09 19:58:24 packer-plugin-azure_v2.5.1_x5.0_linux_amd64 plugin: 2026/02/09 19:58:24 Uploading file to 'C:/Windows/Temp/packer-elevated-shell-698a3c60-0a9d-7406-7919-6294a5188fc8.ps1'
[5ebc20d8-8907-4f02-8396-e310b26091b4] PACKER 2026/02/09 19:58:25 packer-provisioner-powershell plugin: [INFO] 509 bytes written for 'uploadData'
[5ebc20d8-8907-4f02-8396-e310b26091b4] PACKER 2026/02/09 19:58:25 [INFO] 509 bytes written for 'uploadData'
[5ebc20d8-8907-4f02-8396-e310b26091b4] PACKER 2026/02/09 19:58:25 packer-plugin-azure_v2.5.1_x5.0_linux_amd64 plugin: 2026/02/09 19:58:25 Uploading file to 'c:/Windows/Temp/script-698a3b21-1ada-ae06-3076-92dc54ffd268.ps1'
[5ebc20d8-8907-4f02-8396-e310b26091b4] PACKER 2026/02/09 19:58:26 packer-plugin-azure_v2.5.1_x5.0_linux_amd64 plugin: 2026/02/09 19:58:26 [INFO] starting remote command: powershell -executionpolicy bypass -file "C:/Windows/Temp/packer-elevated-shell-698a3c60-0a9d-7406-7919-6294a5188fc8.ps1"
[5ebc20d8-8907-4f02-8396-e310b26091b4] PACKER 2026/02/09 19:58:26 packer-plugin-azure_v2.5.1_x5.0_linux_amd64 plugin: 2026/02/09 19:58:26 [INFO] command 'powershell -executionpolicy bypass -file "C:/Windows/Temp/packer-elevated-shell-698a3c60-0a9d-7406-7919-6294a5188fc8.ps1"' exited with code: 1
[5ebc20d8-8907-4f02-8396-e310b26091b4] PACKER 2026/02/09 19:58:26 [INFO] 0 bytes written for 'stderr'
[5ebc20d8-8907-4f02-8396-e310b26091b4] PACKER 2026/02/09 19:58:26 [INFO] 0 bytes written for 'stdout'
[5ebc20d8-8907-4f02-8396-e310b26091b4] PACKER 2026/02/09 19:58:26 packer-provisioner-powershell plugin: [INFO] 0 bytes written for 'stdout'
[5ebc20d8-8907-4f02-8396-e310b26091b4] PACKER 2026/02/09 19:58:26 packer-provisioner-powershell plugin: Retryable error: received error response
[5ebc20d8-8907-4f02-8396-e310b26091b4] PACKER 2026/02/09 19:58:26 packer-provisioner-powershell plugin: [INFO] 0 bytes written for 'stderr'
[5ebc20d8-8907-4f02-8396-e310b26091b4] PACKER 2026/02/09 19:58:28 packer-provisioner-powershell plugin: [INFO] 509 bytes written for 'uploadData'
[5ebc20d8-8907-4f02-8396-e310b26091b4] PACKER 2026/02/09 19:58:28 [INFO] 509 bytes written for 'uploadData'
[5ebc20d8-8907-4f02-8396-e310b26091b4] PACKER 2026/02/09 19:58:28 packer-plugin-azure_v2.5.1_x5.0_linux_amd64 plugin: 2026/02/09 19:58:28 Uploading file to 'c:/Windows/Temp/script-698a3b21-1ada-ae06-3076-92dc54ffd268.ps1'
[5ebc20d8-8907-4f02-8396-e310b26091b4] PACKER 2026/02/09 19:58:29 packer-plugin-azure_v2.5.1_x5.0_linux_amd64 plugin: 2026/02/09 19:58:29 [INFO] starting remote command: powershell -executionpolicy bypass -file "C:/Windows/Temp/packer-elevated-shell-698a3c60-0a9d-7406-7919-6294a5188fc8.ps1"
[5ebc20d8-8907-4f02-8396-e310b26091b4] PACKER 2026/02/09 19:58:31 ui: ==> azure-arm: === Start Of The Script ===
[5ebc20d8-8907-4f02-8396-e310b26091b4] PACKER 2026/02/09 19:58:34 ui: ==> azure-arm: Detected Version: 19045
[5ebc20d8-8907-4f02-8396-e310b26091b4] PACKER 2026/02/09 19:58:34 ui: ==> azure-arm: ? ESU-Compliant Windows Version
[5ebc20d8-8907-4f02-8396-e310b26091b4] PACKER 2026/02/09 19:58:34 ui: ==> azure-arm: Checking ESU Activation Status ...
[5ebc20d8-8907-4f02-8396-e310b26091b4] PACKER 2026/02/09 19:58:35 ui: ==> azure-arm: ? ESU Not Set, Installation in Progress ...
[5ebc20d8-8907-4f02-8396-e310b26091b4] PACKER 2026/02/09 19:58:35 ui: ==> azure-arm: Installing the MAK ESU Key...
[5ebc20d8-8907-4f02-8396-e310b26091b4] PACKER 2026/02/09 19:58:37 ui: ==> azure-arm: Enabling ESU for the Year #1 ...
[5ebc20d8-8907-4f02-8396-e310b26091b4] PACKER 2026/02/09 19:58:38 ui: ==> azure-arm: Checking Setup ...
[5ebc20d8-8907-4f02-8396-e310b26091b4] PACKER 2026/02/09 19:58:39 ui: ==> azure-arm: ? ESU Installation succeeded
[5ebc20d8-8907-4f02-8396-e310b26091b4] PACKER 2026/02/09 19:58:39 ui: ==> azure-arm: === End Of The Script ===
[5ebc20d8-8907-4f02-8396-e310b26091b4] PACKER 2026/02/09 19:58:39 packer-plugin-azure_v2.5.1_x5.0_linux_amd64 plugin: 2026/02/09 19:58:39 [INFO] command 'powershell -executionpolicy bypass -file "C:/Windows/Temp/packer-elevated-shell-698a3c60-0a9d-7406-7919-6294a5188fc8.ps1"' exited with code: 3221536800
[5ebc20d8-8907-4f02-8396-e310b26091b4] PACKER 2026/02/09 19:58:39 packer-plugin-azure_v2.5.1_x5.0_linux_amd64 plugin: 2026/02/09 19:58:39 [INFO] RPC endpoint: Communicator ended with: 3221536800
[5ebc20d8-8907-4f02-8396-e310b26091b4] PACKER 2026/02/09 19:58:39 [INFO] 311 bytes written for 'stdout'
[5ebc20d8-8907-4f02-8396-e310b26091b4] PACKER 2026/02/09 19:58:39 [INFO] 0 bytes written for 'stderr'
[5ebc20d8-8907-4f02-8396-e310b26091b4] PACKER 2026/02/09 19:58:39 [INFO] RPC client: Communicator ended with: 3221536800
[5ebc20d8-8907-4f02-8396-e310b26091b4] PACKER 2026/02/09 19:58:39 [INFO] RPC endpoint: Communicator ended with: 3221536800
[5ebc20d8-8907-4f02-8396-e310b26091b4] PACKER 2026/02/09 19:58:39 packer-provisioner-powershell plugin: [INFO] 311 bytes written for 'stdout'
[5ebc20d8-8907-4f02-8396-e310b26091b4] PACKER 2026/02/09 19:58:39 packer-provisioner-powershell plugin: [INFO] 0 bytes written for 'stderr'
[5ebc20d8-8907-4f02-8396-e310b26091b4] PACKER 2026/02/09 19:58:39 packer-provisioner-powershell plugin: [INFO] RPC client: Communicator ended with: 3221536800
[5ebc20d8-8907-4f02-8396-e310b26091b4] PACKER 2026/02/09 19:58:39 packer-provisioner-powershell plugin: c:/Windows/Temp/script-698a3b21-1ada-ae06-3076-92dc54ffd268.ps1 returned with exit code 3221536800
[5ebc20d8-8907-4f02-8396-e310b26091b4] PACKER 2026/02/09 19:58:39 ui: ==> azure-arm: Provisioning step had errors: Running the cleanup provisioner, if present...
[5ebc20d8-8907-4f02-8396-e310b26091b4] PACKER 2026/02/09 19:58:39 ui: ==> azure-arm: 
[5ebc20d8-8907-4f02-8396-e310b26091b4] PACKER ==> azure-arm: Deleting Virtual Machine deployment and its attached resources...
[5ebc20d8-8907-4f02-8396-e310b26091b4] PACKER 2026/02/09 19:58:39 packer-plugin-azure_v2.5.1_x5.0_linux_amd64 plugin: 2026/02/09 19:58:39 [DEBUG] GET https://management.azure.com/subscriptions/30c8d9eb-366e-4d2c-a723-95bc688f7c97/resourceGroups/IT_rg-avd-aib-use2-1770666349_win10-22h2-av_3934a6b0-33f7-49ba-b58d-1f59cdda2c5e/providers/Microsoft.Compute/virtualMachines/pkrvmlvwwnij11v?[REDACTED]
[5ebc20d8-8907-4f02-8396-e310b26091b4] PACKER 2026/02/09 19:58:39 packer-plugin-azure_v2.5.1_x5.0_linux_amd64 plugin: 2026/02/09 19:58:39 [DEBUG] GET https://management.azure.com/subscriptions/30c8d9eb-366e-4d2c-a723-95bc688f7c97/resourceGroups/IT_rg-avd-aib-use2-1770666349_win10-22h2-av_3934a6b0-33f7-49ba-b58d-1f59cdda2c5e/deployments/pkrdplvwwnij11v/operations?[REDACTED]
[5ebc20d8-8907-4f02-8396-e310b26091b4] PACKER 2026/02/09 19:58:39 packer-plugin-azure_v2.5.1_x5.0_linux_amd64 plugin: 2026/02/09 19:58:39 [INFO] Attempting deletion -> Microsoft.Compute/virtualMachines : pkrvmlvwwnij11v
[5ebc20d8-8907-4f02-8396-e310b26091b4] PACKER 2026/02/09 19:58:39 packer-plugin-azure_v2.5.1_x5.0_linux_amd64 plugin: 2026/02/09 19:58:39 [DEBUG] DELETE https://management.azure.com/subscriptions/30c8d9eb-366e-4d2c-a723-95bc688f7c97/resourceGroups/IT_rg-avd-aib-use2-1770666349_win10-22h2-av_3934a6b0-33f7-49ba-b58d-1f59cdda2c5e/providers/Microsoft.Compute/virtualMachines/pkrvmlvwwnij11v?[REDACTED]
[5ebc20d8-8907-4f02-8396-e310b26091b4] PACKER 2026/02/09 19:58:50 packer-plugin-azure_v2.5.1_x5.0_linux_amd64 plugin: 2026/02/09 19:58:50 [DEBUG] GET https://management.azure.com/subscriptions/30c8d9eb-366e-4d2c-a723-95bc688f7c97/resourceGroups/IT_rg-avd-aib-use2-1770666349_win10-22h2-av_3934a6b0-33f7-49ba-b58d-1f59cdda2c5e/providers/Microsoft.Compute/virtualMachines/pkrvmlvwwnij11v?[REDACTED]
[5ebc20d8-8907-4f02-8396-e310b26091b4] PACKER 2026/02/09 19:59:00 packer-plugin-azure_v2.5.1_x5.0_linux_amd64 plugin: 2026/02/09 19:59:00 [DEBUG] GET https://management.azure.com/subscriptions/30c8d9eb-366e-4d2c-a723-95bc688f7c97/resourceGroups/IT_rg-avd-aib-use2-1770666349_win10-22h2-av_3934a6b0-33f7-49ba-b58d-1f59cdda2c5e/providers/Microsoft.Compute/virtualMachines/pkrvmlvwwnij11v?[REDACTED]
[5ebc20d8-8907-4f02-8396-e310b26091b4] PACKER 2026/02/09 19:59:10 packer-plugin-azure_v2.5.1_x5.0_linux_amd64 plugin: 2026/02/09 19:59:10 [DEBUG] GET https://management.azure.com/subscriptions/30c8d9eb-366e-4d2c-a723-95bc688f7c97/resourceGroups/IT_rg-avd-aib-use2-1770666349_win10-22h2-av_3934a6b0-33f7-49ba-b58d-1f59cdda2c5e/providers/Microsoft.Compute/virtualMachines/pkrvmlvwwnij11v?[REDACTED]
[5ebc20d8-8907-4f02-8396-e310b26091b4] PACKER 2026/02/09 19:59:20 packer-plugin-azure_v2.5.1_x5.0_linux_amd64 plugin: 2026/02/09 19:59:20 [DEBUG] GET https://management.azure.com/subscriptions/30c8d9eb-366e-4d2c-a723-95bc688f7c97/resourceGroups/IT_rg-avd-aib-use2-1770666349_win10-22h2-av_3934a6b0-33f7-49ba-b58d-1f59cdda2c5e/providers/Microsoft.Compute/virtualMachines/pkrvmlvwwnij11v?[REDACTED]
[5ebc20d8-8907-4f02-8396-e310b26091b4] PACKER 2026/02/09 19:59:31 packer-plugin-azure_v2.5.1_x5.0_linux_amd64 plugin: 2026/02/09 19:59:31 [DEBUG] GET https://management.azure.com/subscriptions/30c8d9eb-366e-4d2c-a723-95bc688f7c97/resourceGroups/IT_rg-avd-aib-use2-1770666349_win10-22h2-av_3934a6b0-33f7-49ba-b58d-1f59cdda2c5e/providers/Microsoft.Compute/virtualMachines/pkrvmlvwwnij11v?[REDACTED]
[5ebc20d8-8907-4f02-8396-e310b26091b4] PACKER 2026/02/09 19:59:41 packer-plugin-azure_v2.5.1_x5.0_linux_amd64 plugin: 2026/02/09 19:59:41 [DEBUG] GET https://management.azure.com/subscriptions/30c8d9eb-366e-4d2c-a723-95bc688f7c97/resourceGroups/IT_rg-avd-aib-use2-1770666349_win10-22h2-av_3934a6b0-33f7-49ba-b58d-1f59cdda2c5e/providers/Microsoft.Compute/virtualMachines/pkrvmlvwwnij11v?[REDACTED]
[5ebc20d8-8907-4f02-8396-e310b26091b4] PACKER 2026/02/09 19:59:51 packer-plugin-azure_v2.5.1_x5.0_linux_amd64 plugin: 2026/02/09 19:59:51 [DEBUG] GET https://management.azure.com/subscriptions/30c8d9eb-366e-4d2c-a723-95bc688f7c97/resourceGroups/IT_rg-avd-aib-use2-1770666349_win10-22h2-av_3934a6b0-33f7-49ba-b58d-1f59cdda2c5e/providers/Microsoft.Compute/virtualMachines/pkrvmlvwwnij11v?[REDACTED]
[5ebc20d8-8907-4f02-8396-e310b26091b4] PACKER 2026/02/09 19:59:51 ui: ==> azure-arm: Deleted -> Microsoft.Compute/virtualMachines : 'pkrvmlvwwnij11v'
[5ebc20d8-8907-4f02-8396-e310b26091b4] PACKER 2026/02/09 19:59:51 packer-plugin-azure_v2.5.1_x5.0_linux_amd64 plugin: 2026/02/09 19:59:51 [INFO] Attempting deletion -> Microsoft.Network/networkInterfaces : pkrnilvwwnij11v
[5ebc20d8-8907-4f02-8396-e310b26091b4] PACKER 2026/02/09 19:59:51 packer-plugin-azure_v2.5.1_x5.0_linux_amd64 plugin: 2026/02/09 19:59:51 [DEBUG] DELETE https://management.azure.com/subscriptions/30c8d9eb-366e-4d2c-a723-95bc688f7c97/resourceGroups/IT_rg-avd-aib-use2-1770666349_win10-22h2-av_3934a6b0-33f7-49ba-b58d-1f59cdda2c5e/providers/Microsoft.Network/networkInterfaces/pkrnilvwwnij11v?[REDACTED]
[5ebc20d8-8907-4f02-8396-e310b26091b4] PACKER 2026/02/09 20:00:01 packer-plugin-azure_v2.5.1_x5.0_linux_amd64 plugin: 2026/02/09 20:00:01 [DEBUG] GET https://management.azure.com/subscriptions/30c8d9eb-366e-4d2c-a723-95bc688f7c97/resourceGroups/IT_rg-avd-aib-use2-1770666349_win10-22h2-av_3934a6b0-33f7-49ba-b58d-1f59cdda2c5e/providers/Microsoft.Network/networkInterfaces/pkrnilvwwnij11v?[REDACTED]
[5ebc20d8-8907-4f02-8396-e310b26091b4] PACKER 2026/02/09 20:00:01 ui: ==> azure-arm: Deleted -> Microsoft.Network/networkInterfaces : 'pkrnilvwwnij11v'
[5ebc20d8-8907-4f02-8396-e310b26091b4] PACKER 2026/02/09 20:00:01 packer-plugin-azure_v2.5.1_x5.0_linux_amd64 plugin: 2026/02/09 20:00:01 [DEBUG] DELETE https://management.azure.com/subscriptions/30c8d9eb-366e-4d2c-a723-95bc688f7c97/resourceGroups/IT_rg-avd-aib-use2-1770666349_win10-22h2-av_3934a6b0-33f7-49ba-b58d-1f59cdda2c5e/providers/Microsoft.Compute/disks/pkroslvwwnij11v?[REDACTED]
[5ebc20d8-8907-4f02-8396-e310b26091b4] PACKER 2026/02/09 20:00:12 packer-plugin-azure_v2.5.1_x5.0_linux_amd64 plugin: 2026/02/09 20:00:12 [DEBUG] GET https://management.azure.com/subscriptions/30c8d9eb-366e-4d2c-a723-95bc688f7c97/resourceGroups/IT_rg-avd-aib-use2-1770666349_win10-22h2-av_3934a6b0-33f7-49ba-b58d-1f59cdda2c5e/providers/Microsoft.Compute/disks/pkroslvwwnij11v?[REDACTED]
[5ebc20d8-8907-4f02-8396-e310b26091b4] PACKER 2026/02/09 20:00:12 ui: ==> azure-arm: Deleted -> Microsoft.Compute/disks : '/subscriptions/30c8d9eb-366e-4d2c-a723-95bc688f7c97/resourceGroups/IT_rg-avd-aib-use2-1770666349_win10-22h2-av_3934a6b0-33f7-49ba-b58d-1f59cdda2c5e/providers/Microsoft.Compute/disks/pkroslvwwnij11v'
[5ebc20d8-8907-4f02-8396-e310b26091b4] PACKER 2026/02/09 20:00:12 ui: ==> azure-arm: Removing the created Deployment object: 'pkrdplvwwnij11v'
[5ebc20d8-8907-4f02-8396-e310b26091b4] PACKER 2026/02/09 20:00:12 packer-plugin-azure_v2.5.1_x5.0_linux_amd64 plugin: 2026/02/09 20:00:12 [DEBUG] DELETE https://management.azure.com/subscriptions/30c8d9eb-366e-4d2c-a723-95bc688f7c97/resourceGroups/IT_rg-avd-aib-use2-1770666349_win10-22h2-av_3934a6b0-33f7-49ba-b58d-1f59cdda2c5e/providers/Microsoft.Resources/deployments/pkrdplvwwnij11v?[REDACTED]
[5ebc20d8-8907-4f02-8396-e310b26091b4] PACKER 2026/02/09 20:00:22 packer-plugin-azure_v2.5.1_x5.0_linux_amd64 plugin: 2026/02/09 20:00:22 [DEBUG] GET https://management.azure.com/subscriptions/30c8d9eb-366e-4d2c-a723-95bc688f7c97/resourceGroups/IT_rg-avd-aib-use2-1770666349_win10-22h2-av_3934a6b0-33f7-49ba-b58d-1f59cdda2c5e/providers/Microsoft.Resources/deployments/pkrdplvwwnij11v?[REDACTED]
[5ebc20d8-8907-4f02-8396-e310b26091b4] PACKER 2026/02/09 20:00:23 ui: ==> azure-arm: 
[5ebc20d8-8907-4f02-8396-e310b26091b4] PACKER ==> azure-arm: Deleting KeyVault created during build
[5ebc20d8-8907-4f02-8396-e310b26091b4] PACKER 2026/02/09 20:00:23 packer-plugin-azure_v2.5.1_x5.0_linux_amd64 plugin: 2026/02/09 20:00:23 [DEBUG] GET https://management.azure.com/subscriptions/30c8d9eb-366e-4d2c-a723-95bc688f7c97/resourceGroups/IT_rg-avd-aib-use2-1770666349_win10-22h2-av_3934a6b0-33f7-49ba-b58d-1f59cdda2c5e/deployments/kvpkrdplvwwnij11v/operations?[REDACTED]
[5ebc20d8-8907-4f02-8396-e310b26091b4] PACKER 2026/02/09 20:00:23 packer-plugin-azure_v2.5.1_x5.0_linux_amd64 plugin: 2026/02/09 20:00:23 [INFO] Attempting deletion -> Microsoft.KeyVault/vaults : pkrkvlvwwnij11v
[5ebc20d8-8907-4f02-8396-e310b26091b4] PACKER 2026/02/09 20:00:23 packer-plugin-azure_v2.5.1_x5.0_linux_amd64 plugin: 2026/02/09 20:00:23 [DEBUG] DELETE https://management.azure.com/subscriptions/30c8d9eb-366e-4d2c-a723-95bc688f7c97/resourceGroups/IT_rg-avd-aib-use2-1770666349_win10-22h2-av_3934a6b0-33f7-49ba-b58d-1f59cdda2c5e/providers/Microsoft.KeyVault/vaults/pkrkvlvwwnij11v?[REDACTED]
[5ebc20d8-8907-4f02-8396-e310b26091b4] PACKER 2026/02/09 20:00:25 ui: ==> azure-arm: Deleted -> Microsoft.KeyVault/vaults : 'pkrkvlvwwnij11v'
[5ebc20d8-8907-4f02-8396-e310b26091b4] PACKER 2026/02/09 20:00:25 ui: ==> azure-arm: Removing the created Deployment object: 'kvpkrdplvwwnij11v'
[5ebc20d8-8907-4f02-8396-e310b26091b4] PACKER 2026/02/09 20:00:25 packer-plugin-azure_v2.5.1_x5.0_linux_amd64 plugin: 2026/02/09 20:00:25 [DEBUG] DELETE https://management.azure.com/subscriptions/30c8d9eb-366e-4d2c-a723-95bc688f7c97/resourceGroups/IT_rg-avd-aib-use2-1770666349_win10-22h2-av_3934a6b0-33f7-49ba-b58d-1f59cdda2c5e/providers/Microsoft.Resources/deployments/kvpkrdplvwwnij11v?[REDACTED]
[5ebc20d8-8907-4f02-8396-e310b26091b4] PACKER 2026/02/09 20:00:36 packer-plugin-azure_v2.5.1_x5.0_linux_amd64 plugin: 2026/02/09 20:00:36 [DEBUG] GET https://management.azure.com/subscriptions/30c8d9eb-366e-4d2c-a723-95bc688f7c97/resourceGroups/IT_rg-avd-aib-use2-1770666349_win10-22h2-av_3934a6b0-33f7-49ba-b58d-1f59cdda2c5e/providers/Microsoft.Resources/deployments/kvpkrdplvwwnij11v?[REDACTED]
[5ebc20d8-8907-4f02-8396-e310b26091b4] PACKER 2026/02/09 20:00:36 ui: ==> azure-arm: 
[5ebc20d8-8907-4f02-8396-e310b26091b4] PACKER ==> azure-arm: The resource group was not created by Packer, not deleting ...
[5ebc20d8-8907-4f02-8396-e310b26091b4] PACKER 2026/02/09 20:00:36 ui error: Build 'azure-arm' errored after 7 minutes 30 seconds: Script exited with non-zero exit status: 3221536800. Allowed exit codes are: [0]
[5ebc20d8-8907-4f02-8396-e310b26091b4] PACKER 2026/02/09 20:00:36 ui: 
[5ebc20d8-8907-4f02-8396-e310b26091b4] PACKER ==> Wait completed after 7 minutes 30 seconds
[5ebc20d8-8907-4f02-8396-e310b26091b4] PACKER 2026/02/09 20:00:36 machine readable: error-count []string{"1"}
[5ebc20d8-8907-4f02-8396-e310b26091b4] PACKER 2026/02/09 20:00:36 ui error: 
[5ebc20d8-8907-4f02-8396-e310b26091b4] PACKER ==> Some builds didn't complete successfully and had errors:
[5ebc20d8-8907-4f02-8396-e310b26091b4] PACKER 2026/02/09 20:00:36 machine readable: azure-arm,error []string{"Script exited with non-zero exit status: 3221536800. Allowed exit codes are: [0]"}
[5ebc20d8-8907-4f02-8396-e310b26091b4] PACKER 2026/02/09 20:00:36 ui error: --> azure-arm: Script exited with non-zero exit status: 3221536800. Allowed exit codes are: [0]
[5ebc20d8-8907-4f02-8396-e310b26091b4] PACKER 2026/02/09 20:00:36 ui: 
[5ebc20d8-8907-4f02-8396-e310b26091b4] PACKER ==> Builds finished but no artifacts were created.
[5ebc20d8-8907-4f02-8396-e310b26091b4] PACKER 2026/02/09 20:00:36 waiting for all plugin processes to complete...
[5ebc20d8-8907-4f02-8396-e310b26091b4] PACKER 2026/02/09 20:00:36 /aib/packerInput/packer: plugin process exited
[5ebc20d8-8907-4f02-8396-e310b26091b4] PACKER 2026/02/09 20:00:36 /aib/packerInput/packer: plugin process exited
[5ebc20d8-8907-4f02-8396-e310b26091b4] PACKER 2026/02/09 20:00:36 /aib/packerInput/packer: plugin process exited
[5ebc20d8-8907-4f02-8396-e310b26091b4] PACKER 2026/02/09 20:00:36 /aib/packerInput/packer: plugin process exited
[5ebc20d8-8907-4f02-8396-e310b26091b4] PACKER 2026/02/09 20:00:36 /aib/packerInput/packer: plugin process exited
[5ebc20d8-8907-4f02-8396-e310b26091b4] PACKER 2026/02/09 20:00:36 /root/.config/packer/plugins/github.com/rgl/windows-update/packer-plugin-windows-update_v0.17.1_x5.0_linux_amd64: plugin process exited
[5ebc20d8-8907-4f02-8396-e310b26091b4] PACKER 2026/02/09 20:00:36 /aib/packerInput/packer: plugin process exited
[5ebc20d8-8907-4f02-8396-e310b26091b4] PACKER 2026/02/09 20:00:36 [ERR] Error decoding response stream 23: EOF
[5ebc20d8-8907-4f02-8396-e310b26091b4] PACKER 2026/02/09 20:00:36 [ERR] Error decoding response stream 12: EOF
[5ebc20d8-8907-4f02-8396-e310b26091b4] PACKER 2026/02/09 20:00:36 /root/.config/packer/plugins/github.com/hashicorp/azure/packer-plugin-azure_v2.5.1_x5.0_linux_amd64: plugin process exited
[5ebc20d8-8907-4f02-8396-e310b26091b4] PACKER Done exporting Packer logs to Azure Storage.
